The system is: Linux - 4.14.78-desktop-1.mga6 - x86_64
Compiling the C compiler identification source file "CMakeCCompilerId.c" succeeded.
Compiler: /bin/cc 
Build flags: 
Id flags: 

The output was:
0


Compilation of the C compiler identification source "CMakeCCompilerId.c" produced "a.out"

The C compiler identification is GNU, found in "/users/josquin/INFO/CPP/micro-aevol-master/SFMT-src-1.4/CMakeFiles/3.7.2/CompilerIdC/a.out"

Compiling the CXX compiler identification source file "CMakeCXXCompilerId.cpp" succeeded.
Compiler: /bin/c++ 
Build flags: 
Id flags: 

The output was:
0


Compilation of the CXX compiler identification source "CMakeCXXCompilerId.cpp" produced "a.out"

The CXX compiler identification is GNU, found in "/users/josquin/INFO/CPP/micro-aevol-master/SFMT-src-1.4/CMakeFiles/3.7.2/CompilerIdCXX/a.out"

Determining if the C compiler works passed with the following output:
Change Dir: /users/josquin/INFO/CPP/micro-aevol-master/SFMT-src-1.4/CMakeFiles/CMakeTmp

Run Build Command:"/bin/gmake" "cmTC_4ecce/fast"
/bin/gmake -f CMakeFiles/cmTC_4ecce.dir/build.make CMakeFiles/cmTC_4ecce.dir/build
gmake[1] : on entre dans le répertoire « /users/josquin/INFO/CPP/micro-aevol-master/SFMT-src-1.4/CMakeFiles/CMakeTmp »
Building C object CMakeFiles/cmTC_4ecce.dir/testCCompiler.c.o
/bin/cc     -o CMakeFiles/cmTC_4ecce.dir/testCCompiler.c.o   -c /users/josquin/INFO/CPP/micro-aevol-master/SFMT-src-1.4/CMakeFiles/CMakeTmp/testCCompiler.c
Linking C executable cmTC_4ecce
/usr/bin/cmake -E cmake_link_script CMakeFiles/cmTC_4ecce.dir/link.txt --verbose=1
/bin/cc       CMakeFiles/cmTC_4ecce.dir/testCCompiler.c.o  -o cmTC_4ecce -rdynamic 
gmake[1] : on quitte le répertoire « /users/josquin/INFO/CPP/micro-aevol-master/SFMT-src-1.4/CMakeFiles/CMakeTmp »


Detecting C compiler ABI info compiled with the following output:
Change Dir: /users/josquin/INFO/CPP/micro-aevol-master/SFMT-src-1.4/CMakeFiles/CMakeTmp

Run Build Command:"/bin/gmake" "cmTC_94cfa/fast"
/bin/gmake -f CMakeFiles/cmTC_94cfa.dir/build.make CMakeFiles/cmTC_94cfa.dir/build
gmake[1] : on entre dans le répertoire « /users/josquin/INFO/CPP/micro-aevol-master/SFMT-src-1.4/CMakeFiles/CMakeTmp »
Building C object CMakeFiles/cmTC_94cfa.dir/CMakeCCompilerABI.c.o
/bin/cc     -o CMakeFiles/cmTC_94cfa.dir/CMakeCCompilerABI.c.o   -c /usr/share/cmake/Modules/CMakeCCompilerABI.c
Linking C executable cmTC_94cfa
/usr/bin/cmake -E cmake_link_script CMakeFiles/cmTC_94cfa.dir/link.txt --verbose=1
/bin/cc      -v CMakeFiles/cmTC_94cfa.dir/CMakeCCompilerABI.c.o  -o cmTC_94cfa -rdynamic  
Utilisation des specs internes.
COLLECT_GCC=/bin/cc
COLLECT_LTO_WRAPPER=/usr/lib/gcc/x86_64-mageia-linux-gnu/5.5.0/lto-wrapper
Cible : x86_64-mageia-linux-gnu
Configuré avec: ../configure --prefix=/usr --libexecdir=/usr/lib --with-slibdir=/lib64 --with-pkgversion='Mageia 5.5.0-1.mga6' --with-bugurl=https://bugs.mageia.org/ --mandir=/usr/share/man --infodir=/usr/share/info --enable-checking=release --enable-languages=c,c++,ada,fortran,objc,obj-c++,java --enable-linker-build-id --build=x86_64-mageia-linux-gnu --host=x86_64-mageia-linux-gnu --with-cpu=generic --with-system-zlib --enable-threads=posix --enable-shared --enable-objc-gc --enable-long-long --enable-__cxa_atexit --disable-libunwind-exceptions --enable-clocale=gnu --enable-java-awt=gtk --with-java-home=/usr/lib/jvm/java-1.5.0-gcj-1.5.0.0/jre --with-ecj-jar=/usr/share/java/eclipse-ecj.jar --enable-gtk-cairo --disable-libjava-multilib --enable-ssp --disable-libssp --disable-werror --with-isl --with-python-dir=/lib/python2.7/site-packages --enable-lto
Modèle de thread: posix
gcc version 5.5.0 (Mageia 5.5.0-1.mga6) 
COMPILER_PATH=/usr/lib/gcc/x86_64-mageia-linux-gnu/5.5.0/:/usr/lib/gcc/x86_64-mageia-linux-gnu/5.5.0/:/usr/lib/gcc/x86_64-mageia-linux-gnu/:/usr/lib/gcc/x86_64-mageia-linux-gnu/5.5.0/:/usr/lib/gcc/x86_64-mageia-linux-gnu/
LIBRARY_PATH=/usr/lib/gcc/x86_64-mageia-linux-gnu/5.5.0/:/usr/lib/gcc/x86_64-mageia-linux-gnu/5.5.0/../../../../lib64/:/lib/../lib64/:/usr/lib/../lib64/:/usr/lib/gcc/x86_64-mageia-linux-gnu/5.5.0/../../../:/lib/:/usr/lib/
COLLECT_GCC_OPTIONS='-v' '-o' 'cmTC_94cfa' '-rdynamic' '-mtune=generic' '-march=x86-64'
 /usr/lib/gcc/x86_64-mageia-linux-gnu/5.5.0/collect2 -plugin /usr/lib/gcc/x86_64-mageia-linux-gnu/5.5.0/liblto_plugin.so -plugin-opt=/usr/lib/gcc/x86_64-mageia-linux-gnu/5.5.0/lto-wrapper -plugin-opt=-fresolution=/tmp/ccQcSV49.res -plugin-opt=-pass-through=-lgcc -plugin-opt=-pass-through=-lgcc_s -plugin-opt=-pass-through=-lc -plugin-opt=-pass-through=-lgcc -plugin-opt=-pass-through=-lgcc_s --build-id --eh-frame-hdr -m elf_x86_64 --hash-style=gnu -export-dynamic -dynamic-linker /lib64/ld-linux-x86-64.so.2 -o cmTC_94cfa /usr/lib/gcc/x86_64-mageia-linux-gnu/5.5.0/../../../../lib64/crt1.o /usr/lib/gcc/x86_64-mageia-linux-gnu/5.5.0/../../../../lib64/crti.o /usr/lib/gcc/x86_64-mageia-linux-gnu/5.5.0/crtbegin.o -L/usr/lib/gcc/x86_64-mageia-linux-gnu/5.5.0 -L/usr/lib/gcc/x86_64-mageia-linux-gnu/5.5.0/../../../../lib64 -L/lib/../lib64 -L/usr/lib/../lib64 -L/usr/lib/gcc/x86_64-mageia-linux-gnu/5.5.0/../../.. CMakeFiles/cmTC_94cfa.dir/CMakeCCompilerABI.c.o -lgcc --as-needed -lgcc_s --no-as-needed -lc -lgcc --as-needed -lgcc_s --no-as-needed /usr/lib/gcc/x86_64-mageia-linux-gnu/5.5.0/crtend.o /usr/lib/gcc/x86_64-mageia-linux-gnu/5.5.0/../../../../lib64/crtn.o
gmake[1] : on quitte le répertoire « /users/josquin/INFO/CPP/micro-aevol-master/SFMT-src-1.4/CMakeFiles/CMakeTmp »


Parsed C implicit link information from above output:
  link line regex: [^( *|.*[/\])(ld|([^/\]+-)?ld|collect2)[^/\]*( |$)]
  ignore line: [Change Dir: /users/josquin/INFO/CPP/micro-aevol-master/SFMT-src-1.4/CMakeFiles/CMakeTmp]
  ignore line: []
  ignore line: [Run Build Command:"/bin/gmake" "cmTC_94cfa/fast"]
  ignore line: [/bin/gmake -f CMakeFiles/cmTC_94cfa.dir/build.make CMakeFiles/cmTC_94cfa.dir/build]
  ignore line: [gmake[1] : on entre dans le répertoire « /users/josquin/INFO/CPP/micro-aevol-master/SFMT-src-1.4/CMakeFiles/CMakeTmp »]
  ignore line: [Building C object CMakeFiles/cmTC_94cfa.dir/CMakeCCompilerABI.c.o]
  ignore line: [/bin/cc     -o CMakeFiles/cmTC_94cfa.dir/CMakeCCompilerABI.c.o   -c /usr/share/cmake/Modules/CMakeCCompilerABI.c]
  ignore line: [Linking C executable cmTC_94cfa]
  ignore line: [/usr/bin/cmake -E cmake_link_script CMakeFiles/cmTC_94cfa.dir/link.txt --verbose=1]
  ignore line: [/bin/cc      -v CMakeFiles/cmTC_94cfa.dir/CMakeCCompilerABI.c.o  -o cmTC_94cfa -rdynamic  ]
  ignore line: [Utilisation des specs internes.]
  ignore line: [COLLECT_GCC=/bin/cc]
  ignore line: [COLLECT_LTO_WRAPPER=/usr/lib/gcc/x86_64-mageia-linux-gnu/5.5.0/lto-wrapper]
  ignore line: [Cible : x86_64-mageia-linux-gnu]
  ignore line: [Configuré avec: ../configure --prefix=/usr --libexecdir=/usr/lib --with-slibdir=/lib64 --with-pkgversion='Mageia 5.5.0-1.mga6' --with-bugurl=https://bugs.mageia.org/ --mandir=/usr/share/man --infodir=/usr/share/info --enable-checking=release --enable-languages=c,c++,ada,fortran,objc,obj-c++,java --enable-linker-build-id --build=x86_64-mageia-linux-gnu --host=x86_64-mageia-linux-gnu --with-cpu=generic --with-system-zlib --enable-threads=posix --enable-shared --enable-objc-gc --enable-long-long --enable-__cxa_atexit --disable-libunwind-exceptions --enable-clocale=gnu --enable-java-awt=gtk --with-java-home=/usr/lib/jvm/java-1.5.0-gcj-1.5.0.0/jre --with-ecj-jar=/usr/share/java/eclipse-ecj.jar --enable-gtk-cairo --disable-libjava-multilib --enable-ssp --disable-libssp --disable-werror --with-isl --with-python-dir=/lib/python2.7/site-packages --enable-lto]
  ignore line: [Modèle de thread: posix]
  ignore line: [gcc version 5.5.0 (Mageia 5.5.0-1.mga6) ]
  ignore line: [COMPILER_PATH=/usr/lib/gcc/x86_64-mageia-linux-gnu/5.5.0/:/usr/lib/gcc/x86_64-mageia-linux-gnu/5.5.0/:/usr/lib/gcc/x86_64-mageia-linux-gnu/:/usr/lib/gcc/x86_64-mageia-linux-gnu/5.5.0/:/usr/lib/gcc/x86_64-mageia-linux-gnu/]
  ignore line: [LIBRARY_PATH=/usr/lib/gcc/x86_64-mageia-linux-gnu/5.5.0/:/usr/lib/gcc/x86_64-mageia-linux-gnu/5.5.0/../../../../lib64/:/lib/../lib64/:/usr/lib/../lib64/:/usr/lib/gcc/x86_64-mageia-linux-gnu/5.5.0/../../../:/lib/:/usr/lib/]
  ignore line: [COLLECT_GCC_OPTIONS='-v' '-o' 'cmTC_94cfa' '-rdynamic' '-mtune=generic' '-march=x86-64']
  link line: [ /usr/lib/gcc/x86_64-mageia-linux-gnu/5.5.0/collect2 -plugin /usr/lib/gcc/x86_64-mageia-linux-gnu/5.5.0/liblto_plugin.so -plugin-opt=/usr/lib/gcc/x86_64-mageia-linux-gnu/5.5.0/lto-wrapper -plugin-opt=-fresolution=/tmp/ccQcSV49.res -plugin-opt=-pass-through=-lgcc -plugin-opt=-pass-through=-lgcc_s -plugin-opt=-pass-through=-lc -plugin-opt=-pass-through=-lgcc -plugin-opt=-pass-through=-lgcc_s --build-id --eh-frame-hdr -m elf_x86_64 --hash-style=gnu -export-dynamic -dynamic-linker /lib64/ld-linux-x86-64.so.2 -o cmTC_94cfa /usr/lib/gcc/x86_64-mageia-linux-gnu/5.5.0/../../../../lib64/crt1.o /usr/lib/gcc/x86_64-mageia-linux-gnu/5.5.0/../../../../lib64/crti.o /usr/lib/gcc/x86_64-mageia-linux-gnu/5.5.0/crtbegin.o -L/usr/lib/gcc/x86_64-mageia-linux-gnu/5.5.0 -L/usr/lib/gcc/x86_64-mageia-linux-gnu/5.5.0/../../../../lib64 -L/lib/../lib64 -L/usr/lib/../lib64 -L/usr/lib/gcc/x86_64-mageia-linux-gnu/5.5.0/../../.. CMakeFiles/cmTC_94cfa.dir/CMakeCCompilerABI.c.o -lgcc --as-needed -lgcc_s --no-as-needed -lc -lgcc --as-needed -lgcc_s --no-as-needed /usr/lib/gcc/x86_64-mageia-linux-gnu/5.5.0/crtend.o /usr/lib/gcc/x86_64-mageia-linux-gnu/5.5.0/../../../../lib64/crtn.o]
    arg [/usr/lib/gcc/x86_64-mageia-linux-gnu/5.5.0/collect2] ==> ignore
    arg [-plugin] ==> ignore
    arg [/usr/lib/gcc/x86_64-mageia-linux-gnu/5.5.0/liblto_plugin.so] ==> ignore
    arg [-plugin-opt=/usr/lib/gcc/x86_64-mageia-linux-gnu/5.5.0/lto-wrapper] ==> ignore
    arg [-plugin-opt=-fresolution=/tmp/ccQcSV49.res] ==> ignore
    arg [-plugin-opt=-pass-through=-lgcc] ==> ignore
    arg [-plugin-opt=-pass-through=-lgcc_s] ==> ignore
    arg [-plugin-opt=-pass-through=-lc] ==> ignore
    arg [-plugin-opt=-pass-through=-lgcc] ==> ignore
    arg [-plugin-opt=-pass-through=-lgcc_s] ==> ignore
    arg [--build-id] ==> ignore
    arg [--eh-frame-hdr] ==> ignore
    arg [-m] ==> ignore
    arg [elf_x86_64] ==> ignore
    arg [--hash-style=gnu] ==> ignore
    arg [-export-dynamic] ==> ignore
    arg [-dynamic-linker] ==> ignore
    arg [/lib64/ld-linux-x86-64.so.2] ==> ignore
    arg [-o] ==> ignore
    arg [cmTC_94cfa] ==> ignore
    arg [/usr/lib/gcc/x86_64-mageia-linux-gnu/5.5.0/../../../../lib64/crt1.o] ==> ignore
    arg [/usr/lib/gcc/x86_64-mageia-linux-gnu/5.5.0/../../../../lib64/crti.o] ==> ignore
    arg [/usr/lib/gcc/x86_64-mageia-linux-gnu/5.5.0/crtbegin.o] ==> ignore
    arg [-L/usr/lib/gcc/x86_64-mageia-linux-gnu/5.5.0] ==> dir [/usr/lib/gcc/x86_64-mageia-linux-gnu/5.5.0]
    arg [-L/usr/lib/gcc/x86_64-mageia-linux-gnu/5.5.0/../../../../lib64] ==> dir [/usr/lib/gcc/x86_64-mageia-linux-gnu/5.5.0/../../../../lib64]
    arg [-L/lib/../lib64] ==> dir [/lib/../lib64]
    arg [-L/usr/lib/../lib64] ==> dir [/usr/lib/../lib64]
    arg [-L/usr/lib/gcc/x86_64-mageia-linux-gnu/5.5.0/../../..] ==> dir [/usr/lib/gcc/x86_64-mageia-linux-gnu/5.5.0/../../..]
    arg [CMakeFiles/cmTC_94cfa.dir/CMakeCCompilerABI.c.o] ==> ignore
    arg [-lgcc] ==> lib [gcc]
    arg [--as-needed] ==> ignore
    arg [-lgcc_s] ==> lib [gcc_s]
    arg [--no-as-needed] ==> ignore
    arg [-lc] ==> lib [c]
    arg [-lgcc] ==> lib [gcc]
    arg [--as-needed] ==> ignore
    arg [-lgcc_s] ==> lib [gcc_s]
    arg [--no-as-needed] ==> ignore
    arg [/usr/lib/gcc/x86_64-mageia-linux-gnu/5.5.0/crtend.o] ==> ignore
    arg [/usr/lib/gcc/x86_64-mageia-linux-gnu/5.5.0/../../../../lib64/crtn.o] ==> ignore
  remove lib [gcc]
  remove lib [gcc_s]
  remove lib [gcc]
  remove lib [gcc_s]
  collapse library dir [/usr/lib/gcc/x86_64-mageia-linux-gnu/5.5.0] ==> [/usr/lib/gcc/x86_64-mageia-linux-gnu/5.5.0]
  collapse library dir [/usr/lib/gcc/x86_64-mageia-linux-gnu/5.5.0/../../../../lib64] ==> [/usr/lib64]
  collapse library dir [/lib/../lib64] ==> [/lib64]
  collapse library dir [/usr/lib/../lib64] ==> [/usr/lib64]
  collapse library dir [/usr/lib/gcc/x86_64-mageia-linux-gnu/5.5.0/../../..] ==> [/usr/lib]
  implicit libs: [c]
  implicit dirs: [/usr/lib/gcc/x86_64-mageia-linux-gnu/5.5.0;/usr/lib64;/lib64;/usr/lib]
  implicit fwks: []




Detecting C [-std=c11] compiler features compiled with the following output:
Change Dir: /users/josquin/INFO/CPP/micro-aevol-master/SFMT-src-1.4/CMakeFiles/CMakeTmp

Run Build Command:"/bin/gmake" "cmTC_82cb0/fast"
/bin/gmake -f CMakeFiles/cmTC_82cb0.dir/build.make CMakeFiles/cmTC_82cb0.dir/build
gmake[1] : on entre dans le répertoire « /users/josquin/INFO/CPP/micro-aevol-master/SFMT-src-1.4/CMakeFiles/CMakeTmp »
Building C object CMakeFiles/cmTC_82cb0.dir/feature_tests.c.o
/bin/cc    -std=c11 -o CMakeFiles/cmTC_82cb0.dir/feature_tests.c.o   -c /users/josquin/INFO/CPP/micro-aevol-master/SFMT-src-1.4/CMakeFiles/feature_tests.c
Linking C executable cmTC_82cb0
/usr/bin/cmake -E cmake_link_script CMakeFiles/cmTC_82cb0.dir/link.txt --verbose=1
/bin/cc       CMakeFiles/cmTC_82cb0.dir/feature_tests.c.o  -o cmTC_82cb0 -rdynamic 
gmake[1] : on quitte le répertoire « /users/josquin/INFO/CPP/micro-aevol-master/SFMT-src-1.4/CMakeFiles/CMakeTmp »


    Feature record: C_FEATURE:1c_function_prototypes
    Feature record: C_FEATURE:1c_restrict
    Feature record: C_FEATURE:1c_static_assert
    Feature record: C_FEATURE:1c_variadic_macros


Detecting C [-std=c99] compiler features compiled with the following output:
Change Dir: /users/josquin/INFO/CPP/micro-aevol-master/SFMT-src-1.4/CMakeFiles/CMakeTmp

Run Build Command:"/bin/gmake" "cmTC_322af/fast"
/bin/gmake -f CMakeFiles/cmTC_322af.dir/build.make CMakeFiles/cmTC_322af.dir/build
gmake[1] : on entre dans le répertoire « /users/josquin/INFO/CPP/micro-aevol-master/SFMT-src-1.4/CMakeFiles/CMakeTmp »
Building C object CMakeFiles/cmTC_322af.dir/feature_tests.c.o
/bin/cc    -std=c99 -o CMakeFiles/cmTC_322af.dir/feature_tests.c.o   -c /users/josquin/INFO/CPP/micro-aevol-master/SFMT-src-1.4/CMakeFiles/feature_tests.c
Linking C executable cmTC_322af
/usr/bin/cmake -E cmake_link_script CMakeFiles/cmTC_322af.dir/link.txt --verbose=1
/bin/cc       CMakeFiles/cmTC_322af.dir/feature_tests.c.o  -o cmTC_322af -rdynamic 
gmake[1] : on quitte le répertoire « /users/josquin/INFO/CPP/micro-aevol-master/SFMT-src-1.4/CMakeFiles/CMakeTmp »


    Feature record: C_FEATURE:1c_function_prototypes
    Feature record: C_FEATURE:1c_restrict
    Feature record: C_FEATURE:0c_static_assert
    Feature record: C_FEATURE:1c_variadic_macros


Detecting C [-std=c90] compiler features compiled with the following output:
Change Dir: /users/josquin/INFO/CPP/micro-aevol-master/SFMT-src-1.4/CMakeFiles/CMakeTmp

Run Build Command:"/bin/gmake" "cmTC_e07ca/fast"
/bin/gmake -f CMakeFiles/cmTC_e07ca.dir/build.make CMakeFiles/cmTC_e07ca.dir/build
gmake[1] : on entre dans le répertoire « /users/josquin/INFO/CPP/micro-aevol-master/SFMT-src-1.4/CMakeFiles/CMakeTmp »
Building C object CMakeFiles/cmTC_e07ca.dir/feature_tests.c.o
/bin/cc    -std=c90 -o CMakeFiles/cmTC_e07ca.dir/feature_tests.c.o   -c /users/josquin/INFO/CPP/micro-aevol-master/SFMT-src-1.4/CMakeFiles/feature_tests.c
Linking C executable cmTC_e07ca
/usr/bin/cmake -E cmake_link_script CMakeFiles/cmTC_e07ca.dir/link.txt --verbose=1
/bin/cc       CMakeFiles/cmTC_e07ca.dir/feature_tests.c.o  -o cmTC_e07ca -rdynamic 
gmake[1] : on quitte le répertoire « /users/josquin/INFO/CPP/micro-aevol-master/SFMT-src-1.4/CMakeFiles/CMakeTmp »


    Feature record: C_FEATURE:1c_function_prototypes
    Feature record: C_FEATURE:0c_restrict
    Feature record: C_FEATURE:0c_static_assert
    Feature record: C_FEATURE:0c_variadic_macros
Determining if the CXX compiler works passed with the following output:
Change Dir: /users/josquin/INFO/CPP/micro-aevol-master/SFMT-src-1.4/CMakeFiles/CMakeTmp

Run Build Command:"/bin/gmake" "cmTC_581b2/fast"
/bin/gmake -f CMakeFiles/cmTC_581b2.dir/build.make CMakeFiles/cmTC_581b2.dir/build
gmake[1] : on entre dans le répertoire « /users/josquin/INFO/CPP/micro-aevol-master/SFMT-src-1.4/CMakeFiles/CMakeTmp »
Building CXX object CMakeFiles/cmTC_581b2.dir/testCXXCompiler.cxx.o
/bin/c++      -o CMakeFiles/cmTC_581b2.dir/testCXXCompiler.cxx.o -c /users/josquin/INFO/CPP/micro-aevol-master/SFMT-src-1.4/CMakeFiles/CMakeTmp/testCXXCompiler.cxx
Linking CXX executable cmTC_581b2
/usr/bin/cmake -E cmake_link_script CMakeFiles/cmTC_581b2.dir/link.txt --verbose=1
/bin/c++        CMakeFiles/cmTC_581b2.dir/testCXXCompiler.cxx.o  -o cmTC_581b2 -rdynamic 
gmake[1] : on quitte le répertoire « /users/josquin/INFO/CPP/micro-aevol-master/SFMT-src-1.4/CMakeFiles/CMakeTmp »


Detecting CXX compiler ABI info compiled with the following output:
Change Dir: /users/josquin/INFO/CPP/micro-aevol-master/SFMT-src-1.4/CMakeFiles/CMakeTmp

Run Build Command:"/bin/gmake" "cmTC_13822/fast"
/bin/gmake -f CMakeFiles/cmTC_13822.dir/build.make CMakeFiles/cmTC_13822.dir/build
gmake[1] : on entre dans le répertoire « /users/josquin/INFO/CPP/micro-aevol-master/SFMT-src-1.4/CMakeFiles/CMakeTmp »
Building CXX object CMakeFiles/cmTC_13822.dir/CMakeCXXCompilerABI.cpp.o
/bin/c++      -o CMakeFiles/cmTC_13822.dir/CMakeCXXCompilerABI.cpp.o -c /usr/share/cmake/Modules/CMakeCXXCompilerABI.cpp
Linking CXX executable cmTC_13822
/usr/bin/cmake -E cmake_link_script CMakeFiles/cmTC_13822.dir/link.txt --verbose=1
/bin/c++       -v CMakeFiles/cmTC_13822.dir/CMakeCXXCompilerABI.cpp.o  -o cmTC_13822 -rdynamic  
Utilisation des specs internes.
COLLECT_GCC=/bin/c++
COLLECT_LTO_WRAPPER=/usr/lib/gcc/x86_64-mageia-linux-gnu/5.5.0/lto-wrapper
Cible : x86_64-mageia-linux-gnu
Configuré avec: ../configure --prefix=/usr --libexecdir=/usr/lib --with-slibdir=/lib64 --with-pkgversion='Mageia 5.5.0-1.mga6' --with-bugurl=https://bugs.mageia.org/ --mandir=/usr/share/man --infodir=/usr/share/info --enable-checking=release --enable-languages=c,c++,ada,fortran,objc,obj-c++,java --enable-linker-build-id --build=x86_64-mageia-linux-gnu --host=x86_64-mageia-linux-gnu --with-cpu=generic --with-system-zlib --enable-threads=posix --enable-shared --enable-objc-gc --enable-long-long --enable-__cxa_atexit --disable-libunwind-exceptions --enable-clocale=gnu --enable-java-awt=gtk --with-java-home=/usr/lib/jvm/java-1.5.0-gcj-1.5.0.0/jre --with-ecj-jar=/usr/share/java/eclipse-ecj.jar --enable-gtk-cairo --disable-libjava-multilib --enable-ssp --disable-libssp --disable-werror --with-isl --with-python-dir=/lib/python2.7/site-packages --enable-lto
Modèle de thread: posix
gcc version 5.5.0 (Mageia 5.5.0-1.mga6) 
COMPILER_PATH=/usr/lib/gcc/x86_64-mageia-linux-gnu/5.5.0/:/usr/lib/gcc/x86_64-mageia-linux-gnu/5.5.0/:/usr/lib/gcc/x86_64-mageia-linux-gnu/:/usr/lib/gcc/x86_64-mageia-linux-gnu/5.5.0/:/usr/lib/gcc/x86_64-mageia-linux-gnu/
LIBRARY_PATH=/usr/lib/gcc/x86_64-mageia-linux-gnu/5.5.0/:/usr/lib/gcc/x86_64-mageia-linux-gnu/5.5.0/../../../../lib64/:/lib/../lib64/:/usr/lib/../lib64/:/usr/lib/gcc/x86_64-mageia-linux-gnu/5.5.0/../../../:/lib/:/usr/lib/
COLLECT_GCC_OPTIONS='-v' '-o' 'cmTC_13822' '-rdynamic' '-shared-libgcc' '-mtune=generic' '-march=x86-64'
 /usr/lib/gcc/x86_64-mageia-linux-gnu/5.5.0/collect2 -plugin /usr/lib/gcc/x86_64-mageia-linux-gnu/5.5.0/liblto_plugin.so -plugin-opt=/usr/lib/gcc/x86_64-mageia-linux-gnu/5.5.0/lto-wrapper -plugin-opt=-fresolution=/tmp/ccvZoo2s.res -plugin-opt=-pass-through=-lgcc_s -plugin-opt=-pass-through=-lgcc -plugin-opt=-pass-through=-lc -plugin-opt=-pass-through=-lgcc_s -plugin-opt=-pass-through=-lgcc --build-id --eh-frame-hdr -m elf_x86_64 --hash-style=gnu -export-dynamic -dynamic-linker /lib64/ld-linux-x86-64.so.2 -o cmTC_13822 /usr/lib/gcc/x86_64-mageia-linux-gnu/5.5.0/../../../../lib64/crt1.o /usr/lib/gcc/x86_64-mageia-linux-gnu/5.5.0/../../../../lib64/crti.o /usr/lib/gcc/x86_64-mageia-linux-gnu/5.5.0/crtbegin.o -L/usr/lib/gcc/x86_64-mageia-linux-gnu/5.5.0 -L/usr/lib/gcc/x86_64-mageia-linux-gnu/5.5.0/../../../../lib64 -L/lib/../lib64 -L/usr/lib/../lib64 -L/usr/lib/gcc/x86_64-mageia-linux-gnu/5.5.0/../../.. CMakeFiles/cmTC_13822.dir/CMakeCXXCompilerABI.cpp.o -lstdc++ -lm -lgcc_s -lgcc -lc -lgcc_s -lgcc /usr/lib/gcc/x86_64-mageia-linux-gnu/5.5.0/crtend.o /usr/lib/gcc/x86_64-mageia-linux-gnu/5.5.0/../../../../lib64/crtn.o
gmake[1] : on quitte le répertoire « /users/josquin/INFO/CPP/micro-aevol-master/SFMT-src-1.4/CMakeFiles/CMakeTmp »


Parsed CXX implicit link information from above output:
  link line regex: [^( *|.*[/\])(ld|([^/\]+-)?ld|collect2)[^/\]*( |$)]
  ignore line: [Change Dir: /users/josquin/INFO/CPP/micro-aevol-master/SFMT-src-1.4/CMakeFiles/CMakeTmp]
  ignore line: []
  ignore line: [Run Build Command:"/bin/gmake" "cmTC_13822/fast"]
  ignore line: [/bin/gmake -f CMakeFiles/cmTC_13822.dir/build.make CMakeFiles/cmTC_13822.dir/build]
  ignore line: [gmake[1] : on entre dans le répertoire « /users/josquin/INFO/CPP/micro-aevol-master/SFMT-src-1.4/CMakeFiles/CMakeTmp »]
  ignore line: [Building CXX object CMakeFiles/cmTC_13822.dir/CMakeCXXCompilerABI.cpp.o]
  ignore line: [/bin/c++      -o CMakeFiles/cmTC_13822.dir/CMakeCXXCompilerABI.cpp.o -c /usr/share/cmake/Modules/CMakeCXXCompilerABI.cpp]
  ignore line: [Linking CXX executable cmTC_13822]
  ignore line: [/usr/bin/cmake -E cmake_link_script CMakeFiles/cmTC_13822.dir/link.txt --verbose=1]
  ignore line: [/bin/c++       -v CMakeFiles/cmTC_13822.dir/CMakeCXXCompilerABI.cpp.o  -o cmTC_13822 -rdynamic  ]
  ignore line: [Utilisation des specs internes.]
  ignore line: [COLLECT_GCC=/bin/c++]
  ignore line: [COLLECT_LTO_WRAPPER=/usr/lib/gcc/x86_64-mageia-linux-gnu/5.5.0/lto-wrapper]
  ignore line: [Cible : x86_64-mageia-linux-gnu]
  ignore line: [Configuré avec: ../configure --prefix=/usr --libexecdir=/usr/lib --with-slibdir=/lib64 --with-pkgversion='Mageia 5.5.0-1.mga6' --with-bugurl=https://bugs.mageia.org/ --mandir=/usr/share/man --infodir=/usr/share/info --enable-checking=release --enable-languages=c,c++,ada,fortran,objc,obj-c++,java --enable-linker-build-id --build=x86_64-mageia-linux-gnu --host=x86_64-mageia-linux-gnu --with-cpu=generic --with-system-zlib --enable-threads=posix --enable-shared --enable-objc-gc --enable-long-long --enable-__cxa_atexit --disable-libunwind-exceptions --enable-clocale=gnu --enable-java-awt=gtk --with-java-home=/usr/lib/jvm/java-1.5.0-gcj-1.5.0.0/jre --with-ecj-jar=/usr/share/java/eclipse-ecj.jar --enable-gtk-cairo --disable-libjava-multilib --enable-ssp --disable-libssp --disable-werror --with-isl --with-python-dir=/lib/python2.7/site-packages --enable-lto]
  ignore line: [Modèle de thread: posix]
  ignore line: [gcc version 5.5.0 (Mageia 5.5.0-1.mga6) ]
  ignore line: [COMPILER_PATH=/usr/lib/gcc/x86_64-mageia-linux-gnu/5.5.0/:/usr/lib/gcc/x86_64-mageia-linux-gnu/5.5.0/:/usr/lib/gcc/x86_64-mageia-linux-gnu/:/usr/lib/gcc/x86_64-mageia-linux-gnu/5.5.0/:/usr/lib/gcc/x86_64-mageia-linux-gnu/]
  ignore line: [LIBRARY_PATH=/usr/lib/gcc/x86_64-mageia-linux-gnu/5.5.0/:/usr/lib/gcc/x86_64-mageia-linux-gnu/5.5.0/../../../../lib64/:/lib/../lib64/:/usr/lib/../lib64/:/usr/lib/gcc/x86_64-mageia-linux-gnu/5.5.0/../../../:/lib/:/usr/lib/]
  ignore line: [COLLECT_GCC_OPTIONS='-v' '-o' 'cmTC_13822' '-rdynamic' '-shared-libgcc' '-mtune=generic' '-march=x86-64']
  link line: [ /usr/lib/gcc/x86_64-mageia-linux-gnu/5.5.0/collect2 -plugin /usr/lib/gcc/x86_64-mageia-linux-gnu/5.5.0/liblto_plugin.so -plugin-opt=/usr/lib/gcc/x86_64-mageia-linux-gnu/5.5.0/lto-wrapper -plugin-opt=-fresolution=/tmp/ccvZoo2s.res -plugin-opt=-pass-through=-lgcc_s -plugin-opt=-pass-through=-lgcc -plugin-opt=-pass-through=-lc -plugin-opt=-pass-through=-lgcc_s -plugin-opt=-pass-through=-lgcc --build-id --eh-frame-hdr -m elf_x86_64 --hash-style=gnu -export-dynamic -dynamic-linker /lib64/ld-linux-x86-64.so.2 -o cmTC_13822 /usr/lib/gcc/x86_64-mageia-linux-gnu/5.5.0/../../../../lib64/crt1.o /usr/lib/gcc/x86_64-mageia-linux-gnu/5.5.0/../../../../lib64/crti.o /usr/lib/gcc/x86_64-mageia-linux-gnu/5.5.0/crtbegin.o -L/usr/lib/gcc/x86_64-mageia-linux-gnu/5.5.0 -L/usr/lib/gcc/x86_64-mageia-linux-gnu/5.5.0/../../../../lib64 -L/lib/../lib64 -L/usr/lib/../lib64 -L/usr/lib/gcc/x86_64-mageia-linux-gnu/5.5.0/../../.. CMakeFiles/cmTC_13822.dir/CMakeCXXCompilerABI.cpp.o -lstdc++ -lm -lgcc_s -lgcc -lc -lgcc_s -lgcc /usr/lib/gcc/x86_64-mageia-linux-gnu/5.5.0/crtend.o /usr/lib/gcc/x86_64-mageia-linux-gnu/5.5.0/../../../../lib64/crtn.o]
    arg [/usr/lib/gcc/x86_64-mageia-linux-gnu/5.5.0/collect2] ==> ignore
    arg [-plugin] ==> ignore
    arg [/usr/lib/gcc/x86_64-mageia-linux-gnu/5.5.0/liblto_plugin.so] ==> ignore
    arg [-plugin-opt=/usr/lib/gcc/x86_64-mageia-linux-gnu/5.5.0/lto-wrapper] ==> ignore
    arg [-plugin-opt=-fresolution=/tmp/ccvZoo2s.res] ==> ignore
    arg [-plugin-opt=-pass-through=-lgcc_s] ==> ignore
    arg [-plugin-opt=-pass-through=-lgcc] ==> ignore
    arg [-plugin-opt=-pass-through=-lc] ==> ignore
    arg [-plugin-opt=-pass-through=-lgcc_s] ==> ignore
    arg [-plugin-opt=-pass-through=-lgcc] ==> ignore
    arg [--build-id] ==> ignore
    arg [--eh-frame-hdr] ==> ignore
    arg [-m] ==> ignore
    arg [elf_x86_64] ==> ignore
    arg [--hash-style=gnu] ==> ignore
    arg [-export-dynamic] ==> ignore
    arg [-dynamic-linker] ==> ignore
    arg [/lib64/ld-linux-x86-64.so.2] ==> ignore
    arg [-o] ==> ignore
    arg [cmTC_13822] ==> ignore
    arg [/usr/lib/gcc/x86_64-mageia-linux-gnu/5.5.0/../../../../lib64/crt1.o] ==> ignore
    arg [/usr/lib/gcc/x86_64-mageia-linux-gnu/5.5.0/../../../../lib64/crti.o] ==> ignore
    arg [/usr/lib/gcc/x86_64-mageia-linux-gnu/5.5.0/crtbegin.o] ==> ignore
    arg [-L/usr/lib/gcc/x86_64-mageia-linux-gnu/5.5.0] ==> dir [/usr/lib/gcc/x86_64-mageia-linux-gnu/5.5.0]
    arg [-L/usr/lib/gcc/x86_64-mageia-linux-gnu/5.5.0/../../../../lib64] ==> dir [/usr/lib/gcc/x86_64-mageia-linux-gnu/5.5.0/../../../../lib64]
    arg [-L/lib/../lib64] ==> dir [/lib/../lib64]
    arg [-L/usr/lib/../lib64] ==> dir [/usr/lib/../lib64]
    arg [-L/usr/lib/gcc/x86_64-mageia-linux-gnu/5.5.0/../../..] ==> dir [/usr/lib/gcc/x86_64-mageia-linux-gnu/5.5.0/../../..]
    arg [CMakeFiles/cmTC_13822.dir/CMakeCXXCompilerABI.cpp.o] ==> ignore
    arg [-lstdc++] ==> lib [stdc++]
    arg [-lm] ==> lib [m]
    arg [-lgcc_s] ==> lib [gcc_s]
    arg [-lgcc] ==> lib [gcc]
    arg [-lc] ==> lib [c]
    arg [-lgcc_s] ==> lib [gcc_s]
    arg [-lgcc] ==> lib [gcc]
    arg [/usr/lib/gcc/x86_64-mageia-linux-gnu/5.5.0/crtend.o] ==> ignore
    arg [/usr/lib/gcc/x86_64-mageia-linux-gnu/5.5.0/../../../../lib64/crtn.o] ==> ignore
  remove lib [gcc_s]
  remove lib [gcc]
  remove lib [gcc_s]
  remove lib [gcc]
  collapse library dir [/usr/lib/gcc/x86_64-mageia-linux-gnu/5.5.0] ==> [/usr/lib/gcc/x86_64-mageia-linux-gnu/5.5.0]
  collapse library dir [/usr/lib/gcc/x86_64-mageia-linux-gnu/5.5.0/../../../../lib64] ==> [/usr/lib64]
  collapse library dir [/lib/../lib64] ==> [/lib64]
  collapse library dir [/usr/lib/../lib64] ==> [/usr/lib64]
  collapse library dir [/usr/lib/gcc/x86_64-mageia-linux-gnu/5.5.0/../../..] ==> [/usr/lib]
  implicit libs: [stdc++;m;c]
  implicit dirs: [/usr/lib/gcc/x86_64-mageia-linux-gnu/5.5.0;/usr/lib64;/lib64;/usr/lib]
  implicit fwks: []




Detecting CXX [-std=c++14] compiler features compiled with the following output:
Change Dir: /users/josquin/INFO/CPP/micro-aevol-master/SFMT-src-1.4/CMakeFiles/CMakeTmp

Run Build Command:"/bin/gmake" "cmTC_b41a4/fast"
/bin/gmake -f CMakeFiles/cmTC_b41a4.dir/build.make CMakeFiles/cmTC_b41a4.dir/build
gmake[1] : on entre dans le répertoire « /users/josquin/INFO/CPP/micro-aevol-master/SFMT-src-1.4/CMakeFiles/CMakeTmp »
Building CXX object CMakeFiles/cmTC_b41a4.dir/feature_tests.cxx.o
/bin/c++     -std=c++14 -o CMakeFiles/cmTC_b41a4.dir/feature_tests.cxx.o -c /users/josquin/INFO/CPP/micro-aevol-master/SFMT-src-1.4/CMakeFiles/feature_tests.cxx
Linking CXX executable cmTC_b41a4
/usr/bin/cmake -E cmake_link_script CMakeFiles/cmTC_b41a4.dir/link.txt --verbose=1
/bin/c++        CMakeFiles/cmTC_b41a4.dir/feature_tests.cxx.o  -o cmTC_b41a4 -rdynamic 
gmake[1] : on quitte le répertoire « /users/josquin/INFO/CPP/micro-aevol-master/SFMT-src-1.4/CMakeFiles/CMakeTmp »


    Feature record: CXX_FEATURE:1cxx_aggregate_default_initializers
    Feature record: CXX_FEATURE:1cxx_alias_templates
    Feature record: CXX_FEATURE:1cxx_alignas
    Feature record: CXX_FEATURE:1cxx_alignof
    Feature record: CXX_FEATURE:1cxx_attributes
    Feature record: CXX_FEATURE:1cxx_attribute_deprecated
    Feature record: CXX_FEATURE:1cxx_auto_type
    Feature record: CXX_FEATURE:1cxx_binary_literals
    Feature record: CXX_FEATURE:1cxx_constexpr
    Feature record: CXX_FEATURE:1cxx_contextual_conversions
    Feature record: CXX_FEATURE:1cxx_decltype
    Feature record: CXX_FEATURE:1cxx_decltype_auto
    Feature record: CXX_FEATURE:1cxx_decltype_incomplete_return_types
    Feature record: CXX_FEATURE:1cxx_default_function_template_args
    Feature record: CXX_FEATURE:1cxx_defaulted_functions
    Feature record: CXX_FEATURE:1cxx_defaulted_move_initializers
    Feature record: CXX_FEATURE:1cxx_delegating_constructors
    Feature record: CXX_FEATURE:1cxx_deleted_functions
    Feature record: CXX_FEATURE:1cxx_digit_separators
    Feature record: CXX_FEATURE:1cxx_enum_forward_declarations
    Feature record: CXX_FEATURE:1cxx_explicit_conversions
    Feature record: CXX_FEATURE:1cxx_extended_friend_declarations
    Feature record: CXX_FEATURE:1cxx_extern_templates
    Feature record: CXX_FEATURE:1cxx_final
    Feature record: CXX_FEATURE:1cxx_func_identifier
    Feature record: CXX_FEATURE:1cxx_generalized_initializers
    Feature record: CXX_FEATURE:1cxx_generic_lambdas
    Feature record: CXX_FEATURE:1cxx_inheriting_constructors
    Feature record: CXX_FEATURE:1cxx_inline_namespaces
    Feature record: CXX_FEATURE:1cxx_lambdas
    Feature record: CXX_FEATURE:1cxx_lambda_init_captures
    Feature record: CXX_FEATURE:1cxx_local_type_template_args
    Feature record: CXX_FEATURE:1cxx_long_long_type
    Feature record: CXX_FEATURE:1cxx_noexcept
    Feature record: CXX_FEATURE:1cxx_nonstatic_member_init
    Feature record: CXX_FEATURE:1cxx_nullptr
    Feature record: CXX_FEATURE:1cxx_override
    Feature record: CXX_FEATURE:1cxx_range_for
    Feature record: CXX_FEATURE:1cxx_raw_string_literals
    Feature record: CXX_FEATURE:1cxx_reference_qualified_functions
    Feature record: CXX_FEATURE:1cxx_relaxed_constexpr
    Feature record: CXX_FEATURE:1cxx_return_type_deduction
    Feature record: CXX_FEATURE:1cxx_right_angle_brackets
    Feature record: CXX_FEATURE:1cxx_rvalue_references
    Feature record: CXX_FEATURE:1cxx_sizeof_member
    Feature record: CXX_FEATURE:1cxx_static_assert
    Feature record: CXX_FEATURE:1cxx_strong_enums
    Feature record: CXX_FEATURE:1cxx_template_template_parameters
    Feature record: CXX_FEATURE:1cxx_thread_local
    Feature record: CXX_FEATURE:1cxx_trailing_return_types
    Feature record: CXX_FEATURE:1cxx_unicode_literals
    Feature record: CXX_FEATURE:1cxx_uniform_initialization
    Feature record: CXX_FEATURE:1cxx_unrestricted_unions
    Feature record: CXX_FEATURE:1cxx_user_literals
    Feature record: CXX_FEATURE:1cxx_variable_templates
    Feature record: CXX_FEATURE:1cxx_variadic_macros
    Feature record: CXX_FEATURE:1cxx_variadic_templates


Detecting CXX [-std=c++11] compiler features compiled with the following output:
Change Dir: /users/josquin/INFO/CPP/micro-aevol-master/SFMT-src-1.4/CMakeFiles/CMakeTmp

Run Build Command:"/bin/gmake" "cmTC_244c2/fast"
/bin/gmake -f CMakeFiles/cmTC_244c2.dir/build.make CMakeFiles/cmTC_244c2.dir/build
gmake[1] : on entre dans le répertoire « /users/josquin/INFO/CPP/micro-aevol-master/SFMT-src-1.4/CMakeFiles/CMakeTmp »
Building CXX object CMakeFiles/cmTC_244c2.dir/feature_tests.cxx.o
/bin/c++     -std=c++11 -o CMakeFiles/cmTC_244c2.dir/feature_tests.cxx.o -c /users/josquin/INFO/CPP/micro-aevol-master/SFMT-src-1.4/CMakeFiles/feature_tests.cxx
Linking CXX executable cmTC_244c2
/usr/bin/cmake -E cmake_link_script CMakeFiles/cmTC_244c2.dir/link.txt --verbose=1
/bin/c++        CMakeFiles/cmTC_244c2.dir/feature_tests.cxx.o  -o cmTC_244c2 -rdynamic 
gmake[1] : on quitte le répertoire « /users/josquin/INFO/CPP/micro-aevol-master/SFMT-src-1.4/CMakeFiles/CMakeTmp »


    Feature record: CXX_FEATURE:0cxx_aggregate_default_initializers
    Feature record: CXX_FEATURE:1cxx_alias_templates
    Feature record: CXX_FEATURE:1cxx_alignas
    Feature record: CXX_FEATURE:1cxx_alignof
    Feature record: CXX_FEATURE:1cxx_attributes
    Feature record: CXX_FEATURE:0cxx_attribute_deprecated
    Feature record: CXX_FEATURE:1cxx_auto_type
    Feature record: CXX_FEATURE:0cxx_binary_literals
    Feature record: CXX_FEATURE:1cxx_constexpr
    Feature record: CXX_FEATURE:0cxx_contextual_conversions
    Feature record: CXX_FEATURE:1cxx_decltype
    Feature record: CXX_FEATURE:0cxx_decltype_auto
    Feature record: CXX_FEATURE:1cxx_decltype_incomplete_return_types
    Feature record: CXX_FEATURE:1cxx_default_function_template_args
    Feature record: CXX_FEATURE:1cxx_defaulted_functions
    Feature record: CXX_FEATURE:1cxx_defaulted_move_initializers
    Feature record: CXX_FEATURE:1cxx_delegating_constructors
    Feature record: CXX_FEATURE:1cxx_deleted_functions
    Feature record: CXX_FEATURE:0cxx_digit_separators
    Feature record: CXX_FEATURE:1cxx_enum_forward_declarations
    Feature record: CXX_FEATURE:1cxx_explicit_conversions
    Feature record: CXX_FEATURE:1cxx_extended_friend_declarations
    Feature record: CXX_FEATURE:1cxx_extern_templates
    Feature record: CXX_FEATURE:1cxx_final
    Feature record: CXX_FEATURE:1cxx_func_identifier
    Feature record: CXX_FEATURE:1cxx_generalized_initializers
    Feature record: CXX_FEATURE:0cxx_generic_lambdas
    Feature record: CXX_FEATURE:1cxx_inheriting_constructors
    Feature record: CXX_FEATURE:1cxx_inline_namespaces
    Feature record: CXX_FEATURE:1cxx_lambdas
    Feature record: CXX_FEATURE:0cxx_lambda_init_captures
    Feature record: CXX_FEATURE:1cxx_local_type_template_args
    Feature record: CXX_FEATURE:1cxx_long_long_type
    Feature record: CXX_FEATURE:1cxx_noexcept
    Feature record: CXX_FEATURE:1cxx_nonstatic_member_init
    Feature record: CXX_FEATURE:1cxx_nullptr
    Feature record: CXX_FEATURE:1cxx_override
    Feature record: CXX_FEATURE:1cxx_range_for
    Feature record: CXX_FEATURE:1cxx_raw_string_literals
    Feature record: CXX_FEATURE:1cxx_reference_qualified_functions
    Feature record: CXX_FEATURE:0cxx_relaxed_constexpr
    Feature record: CXX_FEATURE:0cxx_return_type_deduction
    Feature record: CXX_FEATURE:1cxx_right_angle_brackets
    Feature record: CXX_FEATURE:1cxx_rvalue_references
    Feature record: CXX_FEATURE:1cxx_sizeof_member
    Feature record: CXX_FEATURE:1cxx_static_assert
    Feature record: CXX_FEATURE:1cxx_strong_enums
    Feature record: CXX_FEATURE:1cxx_template_template_parameters
    Feature record: CXX_FEATURE:1cxx_thread_local
    Feature record: CXX_FEATURE:1cxx_trailing_return_types
    Feature record: CXX_FEATURE:1cxx_unicode_literals
    Feature record: CXX_FEATURE:1cxx_uniform_initialization
    Feature record: CXX_FEATURE:1cxx_unrestricted_unions
    Feature record: CXX_FEATURE:1cxx_user_literals
    Feature record: CXX_FEATURE:0cxx_variable_templates
    Feature record: CXX_FEATURE:1cxx_variadic_macros
    Feature record: CXX_FEATURE:1cxx_variadic_templates


Detecting CXX [-std=c++98] compiler features compiled with the following output:
Change Dir: /users/josquin/INFO/CPP/micro-aevol-master/SFMT-src-1.4/CMakeFiles/CMakeTmp

Run Build Command:"/bin/gmake" "cmTC_2af6e/fast"
/bin/gmake -f CMakeFiles/cmTC_2af6e.dir/build.make CMakeFiles/cmTC_2af6e.dir/build
gmake[1] : on entre dans le répertoire « /users/josquin/INFO/CPP/micro-aevol-master/SFMT-src-1.4/CMakeFiles/CMakeTmp »
Building CXX object CMakeFiles/cmTC_2af6e.dir/feature_tests.cxx.o
/bin/c++     -std=c++98 -o CMakeFiles/cmTC_2af6e.dir/feature_tests.cxx.o -c /users/josquin/INFO/CPP/micro-aevol-master/SFMT-src-1.4/CMakeFiles/feature_tests.cxx
Linking CXX executable cmTC_2af6e
/usr/bin/cmake -E cmake_link_script CMakeFiles/cmTC_2af6e.dir/link.txt --verbose=1
/bin/c++        CMakeFiles/cmTC_2af6e.dir/feature_tests.cxx.o  -o cmTC_2af6e -rdynamic 
gmake[1] : on quitte le répertoire « /users/josquin/INFO/CPP/micro-aevol-master/SFMT-src-1.4/CMakeFiles/CMakeTmp »


    Feature record: CXX_FEATURE:0cxx_aggregate_default_initializers
    Feature record: CXX_FEATURE:0cxx_alias_templates
    Feature record: CXX_FEATURE:0cxx_alignas
    Feature record: CXX_FEATURE:0cxx_alignof
    Feature record: CXX_FEATURE:0cxx_attributes
    Feature record: CXX_FEATURE:0cxx_attribute_deprecated
    Feature record: CXX_FEATURE:0cxx_auto_type
    Feature record: CXX_FEATURE:0cxx_binary_literals
    Feature record: CXX_FEATURE:0cxx_constexpr
    Feature record: CXX_FEATURE:0cxx_contextual_conversions
    Feature record: CXX_FEATURE:0cxx_decltype
    Feature record: CXX_FEATURE:0cxx_decltype_auto
    Feature record: CXX_FEATURE:0cxx_decltype_incomplete_return_types
    Feature record: CXX_FEATURE:0cxx_default_function_template_args
    Feature record: CXX_FEATURE:0cxx_defaulted_functions
    Feature record: CXX_FEATURE:0cxx_defaulted_move_initializers
    Feature record: CXX_FEATURE:0cxx_delegating_constructors
    Feature record: CXX_FEATURE:0cxx_deleted_functions
    Feature record: CXX_FEATURE:0cxx_digit_separators
    Feature record: CXX_FEATURE:0cxx_enum_forward_declarations
    Feature record: CXX_FEATURE:0cxx_explicit_conversions
    Feature record: CXX_FEATURE:0cxx_extended_friend_declarations
    Feature record: CXX_FEATURE:0cxx_extern_templates
    Feature record: CXX_FEATURE:0cxx_final
    Feature record: CXX_FEATURE:0cxx_func_identifier
    Feature record: CXX_FEATURE:0cxx_generalized_initializers
    Feature record: CXX_FEATURE:0cxx_generic_lambdas
    Feature record: CXX_FEATURE:0cxx_inheriting_constructors
    Feature record: CXX_FEATURE:0cxx_inline_namespaces
    Feature record: CXX_FEATURE:0cxx_lambdas
    Feature record: CXX_FEATURE:0cxx_lambda_init_captures
    Feature record: CXX_FEATURE:0cxx_local_type_template_args
    Feature record: CXX_FEATURE:0cxx_long_long_type
    Feature record: CXX_FEATURE:0cxx_noexcept
    Feature record: CXX_FEATURE:0cxx_nonstatic_member_init
    Feature record: CXX_FEATURE:0cxx_nullptr
    Feature record: CXX_FEATURE:0cxx_override
    Feature record: CXX_FEATURE:0cxx_range_for
    Feature record: CXX_FEATURE:0cxx_raw_string_literals
    Feature record: CXX_FEATURE:0cxx_reference_qualified_functions
    Feature record: CXX_FEATURE:0cxx_relaxed_constexpr
    Feature record: CXX_FEATURE:0cxx_return_type_deduction
    Feature record: CXX_FEATURE:0cxx_right_angle_brackets
    Feature record: CXX_FEATURE:0cxx_rvalue_references
    Feature record: CXX_FEATURE:0cxx_sizeof_member
    Feature record: CXX_FEATURE:0cxx_static_assert
    Feature record: CXX_FEATURE:0cxx_strong_enums
    Feature record: CXX_FEATURE:1cxx_template_template_parameters
    Feature record: CXX_FEATURE:0cxx_thread_local
    Feature record: CXX_FEATURE:0cxx_trailing_return_types
    Feature record: CXX_FEATURE:0cxx_unicode_literals
    Feature record: CXX_FEATURE:0cxx_uniform_initialization
    Feature record: CXX_FEATURE:0cxx_unrestricted_unions
    Feature record: CXX_FEATURE:0cxx_user_literals
    Feature record: CXX_FEATURE:0cxx_variable_templates
    Feature record: CXX_FEATURE:0cxx_variadic_macros
    Feature record: CXX_FEATURE:0cxx_variadic_templates
