The system is: Linux - 4.14.78-desktop-1.mga6 - x86_64
Compiling the C compiler identification source file "CMakeCCompilerId.c" succeeded.
Compiler: /bin/cc 
Build flags: 
Id flags:  

The output was:
0


Compilation of the C compiler identification source "CMakeCCompilerId.c" produced "a.out"

The C compiler identification is GNU, found in "/users/josquin/INFO/CPP/micro-aevol-master/CMakeFiles/3.12.3/CompilerIdC/a.out"

Compiling the CXX compiler identification source file "CMakeCXXCompilerId.cpp" succeeded.
Compiler: /bin/c++ 
Build flags: 
Id flags:  

The output was:
0


Compilation of the CXX compiler identification source "CMakeCXXCompilerId.cpp" produced "a.out"

The CXX compiler identification is GNU, found in "/users/josquin/INFO/CPP/micro-aevol-master/CMakeFiles/3.12.3/CompilerIdCXX/a.out"

Determining if the C compiler works passed with the following output:
Change Dir: /users/josquin/INFO/CPP/micro-aevol-master/CMakeFiles/CMakeTmp

Run Build Command:"/bin/gmake" "cmTC_b165f/fast"
/bin/gmake -f CMakeFiles/cmTC_b165f.dir/build.make CMakeFiles/cmTC_b165f.dir/build
gmake[1] : on entre dans le répertoire « /users/josquin/INFO/CPP/micro-aevol-master/CMakeFiles/CMakeTmp »
Building C object CMakeFiles/cmTC_b165f.dir/testCCompiler.c.o
/bin/cc    -o CMakeFiles/cmTC_b165f.dir/testCCompiler.c.o   -c /users/josquin/INFO/CPP/micro-aevol-master/CMakeFiles/CMakeTmp/testCCompiler.c
Linking C executable cmTC_b165f
/users/josquin/.local/share/JetBrains/Toolbox/apps/CLion/ch-0/183.4284.156/bin/cmake/linux/bin/cmake -E cmake_link_script CMakeFiles/cmTC_b165f.dir/link.txt --verbose=1
/bin/cc      CMakeFiles/cmTC_b165f.dir/testCCompiler.c.o  -o cmTC_b165f 
gmake[1] : on quitte le répertoire « /users/josquin/INFO/CPP/micro-aevol-master/CMakeFiles/CMakeTmp »


Detecting C compiler ABI info compiled with the following output:
Change Dir: /users/josquin/INFO/CPP/micro-aevol-master/CMakeFiles/CMakeTmp

Run Build Command:"/bin/gmake" "cmTC_e5bba/fast"
/bin/gmake -f CMakeFiles/cmTC_e5bba.dir/build.make CMakeFiles/cmTC_e5bba.dir/build
gmake[1] : on entre dans le répertoire « /users/josquin/INFO/CPP/micro-aevol-master/CMakeFiles/CMakeTmp »
Building C object CMakeFiles/cmTC_e5bba.dir/CMakeCCompilerABI.c.o
/bin/cc    -o CMakeFiles/cmTC_e5bba.dir/CMakeCCompilerABI.c.o   -c /users/josquin/.local/share/JetBrains/Toolbox/apps/CLion/ch-0/183.4284.156/bin/cmake/linux/share/cmake-3.12/Modules/CMakeCCompilerABI.c
Linking C executable cmTC_e5bba
/users/josquin/.local/share/JetBrains/Toolbox/apps/CLion/ch-0/183.4284.156/bin/cmake/linux/bin/cmake -E cmake_link_script CMakeFiles/cmTC_e5bba.dir/link.txt --verbose=1
/bin/cc     -v CMakeFiles/cmTC_e5bba.dir/CMakeCCompilerABI.c.o  -o cmTC_e5bba 
Utilisation des specs internes.
COLLECT_GCC=/bin/cc
COLLECT_LTO_WRAPPER=/usr/lib/gcc/x86_64-mageia-linux-gnu/5.5.0/lto-wrapper
Cible : x86_64-mageia-linux-gnu
Configuré avec: ../configure --prefix=/usr --libexecdir=/usr/lib --with-slibdir=/lib64 --with-pkgversion='Mageia 5.5.0-1.mga6' --with-bugurl=https://bugs.mageia.org/ --mandir=/usr/share/man --infodir=/usr/share/info --enable-checking=release --enable-languages=c,c++,ada,fortran,objc,obj-c++,java --enable-linker-build-id --build=x86_64-mageia-linux-gnu --host=x86_64-mageia-linux-gnu --with-cpu=generic --with-system-zlib --enable-threads=posix --enable-shared --enable-objc-gc --enable-long-long --enable-__cxa_atexit --disable-libunwind-exceptions --enable-clocale=gnu --enable-java-awt=gtk --with-java-home=/usr/lib/jvm/java-1.5.0-gcj-1.5.0.0/jre --with-ecj-jar=/usr/share/java/eclipse-ecj.jar --enable-gtk-cairo --disable-libjava-multilib --enable-ssp --disable-libssp --disable-werror --with-isl --with-python-dir=/lib/python2.7/site-packages --enable-lto
Modèle de thread: posix
gcc version 5.5.0 (Mageia 5.5.0-1.mga6) 
COMPILER_PATH=/usr/lib/gcc/x86_64-mageia-linux-gnu/5.5.0/:/usr/lib/gcc/x86_64-mageia-linux-gnu/5.5.0/:/usr/lib/gcc/x86_64-mageia-linux-gnu/:/usr/lib/gcc/x86_64-mageia-linux-gnu/5.5.0/:/usr/lib/gcc/x86_64-mageia-linux-gnu/
LIBRARY_PATH=/usr/lib/gcc/x86_64-mageia-linux-gnu/5.5.0/:/usr/lib/gcc/x86_64-mageia-linux-gnu/5.5.0/../../../../lib64/:/lib/../lib64/:/usr/lib/../lib64/:/usr/lib/gcc/x86_64-mageia-linux-gnu/5.5.0/../../../:/lib/:/usr/lib/
COLLECT_GCC_OPTIONS='-v' '-o' 'cmTC_e5bba' '-mtune=generic' '-march=x86-64'
 /usr/lib/gcc/x86_64-mageia-linux-gnu/5.5.0/collect2 -plugin /usr/lib/gcc/x86_64-mageia-linux-gnu/5.5.0/liblto_plugin.so -plugin-opt=/usr/lib/gcc/x86_64-mageia-linux-gnu/5.5.0/lto-wrapper -plugin-opt=-fresolution=/tmp/cc9kUOnt.res -plugin-opt=-pass-through=-lgcc -plugin-opt=-pass-through=-lgcc_s -plugin-opt=-pass-through=-lc -plugin-opt=-pass-through=-lgcc -plugin-opt=-pass-through=-lgcc_s --build-id --eh-frame-hdr -m elf_x86_64 --hash-style=gnu -dynamic-linker /lib64/ld-linux-x86-64.so.2 -o cmTC_e5bba /usr/lib/gcc/x86_64-mageia-linux-gnu/5.5.0/../../../../lib64/crt1.o /usr/lib/gcc/x86_64-mageia-linux-gnu/5.5.0/../../../../lib64/crti.o /usr/lib/gcc/x86_64-mageia-linux-gnu/5.5.0/crtbegin.o -L/usr/lib/gcc/x86_64-mageia-linux-gnu/5.5.0 -L/usr/lib/gcc/x86_64-mageia-linux-gnu/5.5.0/../../../../lib64 -L/lib/../lib64 -L/usr/lib/../lib64 -L/usr/lib/gcc/x86_64-mageia-linux-gnu/5.5.0/../../.. CMakeFiles/cmTC_e5bba.dir/CMakeCCompilerABI.c.o -lgcc --as-needed -lgcc_s --no-as-needed -lc -lgcc --as-needed -lgcc_s --no-as-needed /usr/lib/gcc/x86_64-mageia-linux-gnu/5.5.0/crtend.o /usr/lib/gcc/x86_64-mageia-linux-gnu/5.5.0/../../../../lib64/crtn.o
gmake[1] : on quitte le répertoire « /users/josquin/INFO/CPP/micro-aevol-master/CMakeFiles/CMakeTmp »


Parsed C implicit link information from above output:
  link line regex: [^( *|.*[/\])(ld|CMAKE_LINK_STARTFILE-NOTFOUND|([^/\]+-)?ld|collect2)[^/\]*( |$)]
  ignore line: [Change Dir: /users/josquin/INFO/CPP/micro-aevol-master/CMakeFiles/CMakeTmp]
  ignore line: []
  ignore line: [Run Build Command:"/bin/gmake" "cmTC_e5bba/fast"]
  ignore line: [/bin/gmake -f CMakeFiles/cmTC_e5bba.dir/build.make CMakeFiles/cmTC_e5bba.dir/build]
  ignore line: [gmake[1] : on entre dans le répertoire « /users/josquin/INFO/CPP/micro-aevol-master/CMakeFiles/CMakeTmp »]
  ignore line: [Building C object CMakeFiles/cmTC_e5bba.dir/CMakeCCompilerABI.c.o]
  ignore line: [/bin/cc    -o CMakeFiles/cmTC_e5bba.dir/CMakeCCompilerABI.c.o   -c /users/josquin/.local/share/JetBrains/Toolbox/apps/CLion/ch-0/183.4284.156/bin/cmake/linux/share/cmake-3.12/Modules/CMakeCCompilerABI.c]
  ignore line: [Linking C executable cmTC_e5bba]
  ignore line: [/users/josquin/.local/share/JetBrains/Toolbox/apps/CLion/ch-0/183.4284.156/bin/cmake/linux/bin/cmake -E cmake_link_script CMakeFiles/cmTC_e5bba.dir/link.txt --verbose=1]
  ignore line: [/bin/cc     -v CMakeFiles/cmTC_e5bba.dir/CMakeCCompilerABI.c.o  -o cmTC_e5bba ]
  ignore line: [Utilisation des specs internes.]
  ignore line: [COLLECT_GCC=/bin/cc]
  ignore line: [COLLECT_LTO_WRAPPER=/usr/lib/gcc/x86_64-mageia-linux-gnu/5.5.0/lto-wrapper]
  ignore line: [Cible : x86_64-mageia-linux-gnu]
  ignore line: [Configuré avec: ../configure --prefix=/usr --libexecdir=/usr/lib --with-slibdir=/lib64 --with-pkgversion='Mageia 5.5.0-1.mga6' --with-bugurl=https://bugs.mageia.org/ --mandir=/usr/share/man --infodir=/usr/share/info --enable-checking=release --enable-languages=c,c++,ada,fortran,objc,obj-c++,java --enable-linker-build-id --build=x86_64-mageia-linux-gnu --host=x86_64-mageia-linux-gnu --with-cpu=generic --with-system-zlib --enable-threads=posix --enable-shared --enable-objc-gc --enable-long-long --enable-__cxa_atexit --disable-libunwind-exceptions --enable-clocale=gnu --enable-java-awt=gtk --with-java-home=/usr/lib/jvm/java-1.5.0-gcj-1.5.0.0/jre --with-ecj-jar=/usr/share/java/eclipse-ecj.jar --enable-gtk-cairo --disable-libjava-multilib --enable-ssp --disable-libssp --disable-werror --with-isl --with-python-dir=/lib/python2.7/site-packages --enable-lto]
  ignore line: [Modèle de thread: posix]
  ignore line: [gcc version 5.5.0 (Mageia 5.5.0-1.mga6) ]
  ignore line: [COMPILER_PATH=/usr/lib/gcc/x86_64-mageia-linux-gnu/5.5.0/:/usr/lib/gcc/x86_64-mageia-linux-gnu/5.5.0/:/usr/lib/gcc/x86_64-mageia-linux-gnu/:/usr/lib/gcc/x86_64-mageia-linux-gnu/5.5.0/:/usr/lib/gcc/x86_64-mageia-linux-gnu/]
  ignore line: [LIBRARY_PATH=/usr/lib/gcc/x86_64-mageia-linux-gnu/5.5.0/:/usr/lib/gcc/x86_64-mageia-linux-gnu/5.5.0/../../../../lib64/:/lib/../lib64/:/usr/lib/../lib64/:/usr/lib/gcc/x86_64-mageia-linux-gnu/5.5.0/../../../:/lib/:/usr/lib/]
  ignore line: [COLLECT_GCC_OPTIONS='-v' '-o' 'cmTC_e5bba' '-mtune=generic' '-march=x86-64']
  link line: [ /usr/lib/gcc/x86_64-mageia-linux-gnu/5.5.0/collect2 -plugin /usr/lib/gcc/x86_64-mageia-linux-gnu/5.5.0/liblto_plugin.so -plugin-opt=/usr/lib/gcc/x86_64-mageia-linux-gnu/5.5.0/lto-wrapper -plugin-opt=-fresolution=/tmp/cc9kUOnt.res -plugin-opt=-pass-through=-lgcc -plugin-opt=-pass-through=-lgcc_s -plugin-opt=-pass-through=-lc -plugin-opt=-pass-through=-lgcc -plugin-opt=-pass-through=-lgcc_s --build-id --eh-frame-hdr -m elf_x86_64 --hash-style=gnu -dynamic-linker /lib64/ld-linux-x86-64.so.2 -o cmTC_e5bba /usr/lib/gcc/x86_64-mageia-linux-gnu/5.5.0/../../../../lib64/crt1.o /usr/lib/gcc/x86_64-mageia-linux-gnu/5.5.0/../../../../lib64/crti.o /usr/lib/gcc/x86_64-mageia-linux-gnu/5.5.0/crtbegin.o -L/usr/lib/gcc/x86_64-mageia-linux-gnu/5.5.0 -L/usr/lib/gcc/x86_64-mageia-linux-gnu/5.5.0/../../../../lib64 -L/lib/../lib64 -L/usr/lib/../lib64 -L/usr/lib/gcc/x86_64-mageia-linux-gnu/5.5.0/../../.. CMakeFiles/cmTC_e5bba.dir/CMakeCCompilerABI.c.o -lgcc --as-needed -lgcc_s --no-as-needed -lc -lgcc --as-needed -lgcc_s --no-as-needed /usr/lib/gcc/x86_64-mageia-linux-gnu/5.5.0/crtend.o /usr/lib/gcc/x86_64-mageia-linux-gnu/5.5.0/../../../../lib64/crtn.o]
    arg [/usr/lib/gcc/x86_64-mageia-linux-gnu/5.5.0/collect2] ==> ignore
    arg [-plugin] ==> ignore
    arg [/usr/lib/gcc/x86_64-mageia-linux-gnu/5.5.0/liblto_plugin.so] ==> ignore
    arg [-plugin-opt=/usr/lib/gcc/x86_64-mageia-linux-gnu/5.5.0/lto-wrapper] ==> ignore
    arg [-plugin-opt=-fresolution=/tmp/cc9kUOnt.res] ==> ignore
    arg [-plugin-opt=-pass-through=-lgcc] ==> ignore
    arg [-plugin-opt=-pass-through=-lgcc_s] ==> ignore
    arg [-plugin-opt=-pass-through=-lc] ==> ignore
    arg [-plugin-opt=-pass-through=-lgcc] ==> ignore
    arg [-plugin-opt=-pass-through=-lgcc_s] ==> ignore
    arg [--build-id] ==> ignore
    arg [--eh-frame-hdr] ==> ignore
    arg [-m] ==> ignore
    arg [elf_x86_64] ==> ignore
    arg [--hash-style=gnu] ==> ignore
    arg [-dynamic-linker] ==> ignore
    arg [/lib64/ld-linux-x86-64.so.2] ==> ignore
    arg [-o] ==> ignore
    arg [cmTC_e5bba] ==> ignore
    arg [/usr/lib/gcc/x86_64-mageia-linux-gnu/5.5.0/../../../../lib64/crt1.o] ==> ignore
    arg [/usr/lib/gcc/x86_64-mageia-linux-gnu/5.5.0/../../../../lib64/crti.o] ==> ignore
    arg [/usr/lib/gcc/x86_64-mageia-linux-gnu/5.5.0/crtbegin.o] ==> ignore
    arg [-L/usr/lib/gcc/x86_64-mageia-linux-gnu/5.5.0] ==> dir [/usr/lib/gcc/x86_64-mageia-linux-gnu/5.5.0]
    arg [-L/usr/lib/gcc/x86_64-mageia-linux-gnu/5.5.0/../../../../lib64] ==> dir [/usr/lib/gcc/x86_64-mageia-linux-gnu/5.5.0/../../../../lib64]
    arg [-L/lib/../lib64] ==> dir [/lib/../lib64]
    arg [-L/usr/lib/../lib64] ==> dir [/usr/lib/../lib64]
    arg [-L/usr/lib/gcc/x86_64-mageia-linux-gnu/5.5.0/../../..] ==> dir [/usr/lib/gcc/x86_64-mageia-linux-gnu/5.5.0/../../..]
    arg [CMakeFiles/cmTC_e5bba.dir/CMakeCCompilerABI.c.o] ==> ignore
    arg [-lgcc] ==> lib [gcc]
    arg [--as-needed] ==> ignore
    arg [-lgcc_s] ==> lib [gcc_s]
    arg [--no-as-needed] ==> ignore
    arg [-lc] ==> lib [c]
    arg [-lgcc] ==> lib [gcc]
    arg [--as-needed] ==> ignore
    arg [-lgcc_s] ==> lib [gcc_s]
    arg [--no-as-needed] ==> ignore
    arg [/usr/lib/gcc/x86_64-mageia-linux-gnu/5.5.0/crtend.o] ==> ignore
    arg [/usr/lib/gcc/x86_64-mageia-linux-gnu/5.5.0/../../../../lib64/crtn.o] ==> ignore
  collapse library dir [/usr/lib/gcc/x86_64-mageia-linux-gnu/5.5.0] ==> [/usr/lib/gcc/x86_64-mageia-linux-gnu/5.5.0]
  collapse library dir [/usr/lib/gcc/x86_64-mageia-linux-gnu/5.5.0/../../../../lib64] ==> [/usr/lib64]
  collapse library dir [/lib/../lib64] ==> [/lib64]
  collapse library dir [/usr/lib/../lib64] ==> [/usr/lib64]
  collapse library dir [/usr/lib/gcc/x86_64-mageia-linux-gnu/5.5.0/../../..] ==> [/usr/lib]
  implicit libs: [gcc;gcc_s;c;gcc;gcc_s]
  implicit dirs: [/usr/lib/gcc/x86_64-mageia-linux-gnu/5.5.0;/usr/lib64;/lib64;/usr/lib]
  implicit fwks: []




Detecting C [-std=c11] compiler features compiled with the following output:
Change Dir: /users/josquin/INFO/CPP/micro-aevol-master/CMakeFiles/CMakeTmp

Run Build Command:"/bin/gmake" "cmTC_c216c/fast"
/bin/gmake -f CMakeFiles/cmTC_c216c.dir/build.make CMakeFiles/cmTC_c216c.dir/build
gmake[1] : on entre dans le répertoire « /users/josquin/INFO/CPP/micro-aevol-master/CMakeFiles/CMakeTmp »
Building C object CMakeFiles/cmTC_c216c.dir/feature_tests.c.o
/bin/cc   -std=c11 -o CMakeFiles/cmTC_c216c.dir/feature_tests.c.o   -c /users/josquin/INFO/CPP/micro-aevol-master/CMakeFiles/feature_tests.c
Linking C executable cmTC_c216c
/users/josquin/.local/share/JetBrains/Toolbox/apps/CLion/ch-0/183.4284.156/bin/cmake/linux/bin/cmake -E cmake_link_script CMakeFiles/cmTC_c216c.dir/link.txt --verbose=1
/bin/cc      CMakeFiles/cmTC_c216c.dir/feature_tests.c.o  -o cmTC_c216c 
gmake[1] : on quitte le répertoire « /users/josquin/INFO/CPP/micro-aevol-master/CMakeFiles/CMakeTmp »


    Feature record: C_FEATURE:1c_function_prototypes
    Feature record: C_FEATURE:1c_restrict
    Feature record: C_FEATURE:1c_static_assert
    Feature record: C_FEATURE:1c_variadic_macros


Detecting C [-std=c99] compiler features compiled with the following output:
Change Dir: /users/josquin/INFO/CPP/micro-aevol-master/CMakeFiles/CMakeTmp

Run Build Command:"/bin/gmake" "cmTC_601bc/fast"
/bin/gmake -f CMakeFiles/cmTC_601bc.dir/build.make CMakeFiles/cmTC_601bc.dir/build
gmake[1] : on entre dans le répertoire « /users/josquin/INFO/CPP/micro-aevol-master/CMakeFiles/CMakeTmp »
Building C object CMakeFiles/cmTC_601bc.dir/feature_tests.c.o
/bin/cc   -std=c99 -o CMakeFiles/cmTC_601bc.dir/feature_tests.c.o   -c /users/josquin/INFO/CPP/micro-aevol-master/CMakeFiles/feature_tests.c
Linking C executable cmTC_601bc
/users/josquin/.local/share/JetBrains/Toolbox/apps/CLion/ch-0/183.4284.156/bin/cmake/linux/bin/cmake -E cmake_link_script CMakeFiles/cmTC_601bc.dir/link.txt --verbose=1
/bin/cc      CMakeFiles/cmTC_601bc.dir/feature_tests.c.o  -o cmTC_601bc 
gmake[1] : on quitte le répertoire « /users/josquin/INFO/CPP/micro-aevol-master/CMakeFiles/CMakeTmp »


    Feature record: C_FEATURE:1c_function_prototypes
    Feature record: C_FEATURE:1c_restrict
    Feature record: C_FEATURE:0c_static_assert
    Feature record: C_FEATURE:1c_variadic_macros


Detecting C [-std=c90] compiler features compiled with the following output:
Change Dir: /users/josquin/INFO/CPP/micro-aevol-master/CMakeFiles/CMakeTmp

Run Build Command:"/bin/gmake" "cmTC_37ac6/fast"
/bin/gmake -f CMakeFiles/cmTC_37ac6.dir/build.make CMakeFiles/cmTC_37ac6.dir/build
gmake[1] : on entre dans le répertoire « /users/josquin/INFO/CPP/micro-aevol-master/CMakeFiles/CMakeTmp »
Building C object CMakeFiles/cmTC_37ac6.dir/feature_tests.c.o
/bin/cc   -std=c90 -o CMakeFiles/cmTC_37ac6.dir/feature_tests.c.o   -c /users/josquin/INFO/CPP/micro-aevol-master/CMakeFiles/feature_tests.c
Linking C executable cmTC_37ac6
/users/josquin/.local/share/JetBrains/Toolbox/apps/CLion/ch-0/183.4284.156/bin/cmake/linux/bin/cmake -E cmake_link_script CMakeFiles/cmTC_37ac6.dir/link.txt --verbose=1
/bin/cc      CMakeFiles/cmTC_37ac6.dir/feature_tests.c.o  -o cmTC_37ac6 
gmake[1] : on quitte le répertoire « /users/josquin/INFO/CPP/micro-aevol-master/CMakeFiles/CMakeTmp »


    Feature record: C_FEATURE:1c_function_prototypes
    Feature record: C_FEATURE:0c_restrict
    Feature record: C_FEATURE:0c_static_assert
    Feature record: C_FEATURE:0c_variadic_macros
Determining if the CXX compiler works passed with the following output:
Change Dir: /users/josquin/INFO/CPP/micro-aevol-master/CMakeFiles/CMakeTmp

Run Build Command:"/bin/gmake" "cmTC_ddce7/fast"
/bin/gmake -f CMakeFiles/cmTC_ddce7.dir/build.make CMakeFiles/cmTC_ddce7.dir/build
gmake[1] : on entre dans le répertoire « /users/josquin/INFO/CPP/micro-aevol-master/CMakeFiles/CMakeTmp »
Building CXX object CMakeFiles/cmTC_ddce7.dir/testCXXCompiler.cxx.o
/bin/c++     -o CMakeFiles/cmTC_ddce7.dir/testCXXCompiler.cxx.o -c /users/josquin/INFO/CPP/micro-aevol-master/CMakeFiles/CMakeTmp/testCXXCompiler.cxx
Linking CXX executable cmTC_ddce7
/users/josquin/.local/share/JetBrains/Toolbox/apps/CLion/ch-0/183.4284.156/bin/cmake/linux/bin/cmake -E cmake_link_script CMakeFiles/cmTC_ddce7.dir/link.txt --verbose=1
/bin/c++       CMakeFiles/cmTC_ddce7.dir/testCXXCompiler.cxx.o  -o cmTC_ddce7 
gmake[1] : on quitte le répertoire « /users/josquin/INFO/CPP/micro-aevol-master/CMakeFiles/CMakeTmp »


Detecting CXX compiler ABI info compiled with the following output:
Change Dir: /users/josquin/INFO/CPP/micro-aevol-master/CMakeFiles/CMakeTmp

Run Build Command:"/bin/gmake" "cmTC_dafc1/fast"
/bin/gmake -f CMakeFiles/cmTC_dafc1.dir/build.make CMakeFiles/cmTC_dafc1.dir/build
gmake[1] : on entre dans le répertoire « /users/josquin/INFO/CPP/micro-aevol-master/CMakeFiles/CMakeTmp »
Building CXX object CMakeFiles/cmTC_dafc1.dir/CMakeCXXCompilerABI.cpp.o
/bin/c++     -o CMakeFiles/cmTC_dafc1.dir/CMakeCXXCompilerABI.cpp.o -c /users/josquin/.local/share/JetBrains/Toolbox/apps/CLion/ch-0/183.4284.156/bin/cmake/linux/share/cmake-3.12/Modules/CMakeCXXCompilerABI.cpp
Linking CXX executable cmTC_dafc1
/users/josquin/.local/share/JetBrains/Toolbox/apps/CLion/ch-0/183.4284.156/bin/cmake/linux/bin/cmake -E cmake_link_script CMakeFiles/cmTC_dafc1.dir/link.txt --verbose=1
/bin/c++      -v CMakeFiles/cmTC_dafc1.dir/CMakeCXXCompilerABI.cpp.o  -o cmTC_dafc1 
Utilisation des specs internes.
COLLECT_GCC=/bin/c++
COLLECT_LTO_WRAPPER=/usr/lib/gcc/x86_64-mageia-linux-gnu/5.5.0/lto-wrapper
Cible : x86_64-mageia-linux-gnu
Configuré avec: ../configure --prefix=/usr --libexecdir=/usr/lib --with-slibdir=/lib64 --with-pkgversion='Mageia 5.5.0-1.mga6' --with-bugurl=https://bugs.mageia.org/ --mandir=/usr/share/man --infodir=/usr/share/info --enable-checking=release --enable-languages=c,c++,ada,fortran,objc,obj-c++,java --enable-linker-build-id --build=x86_64-mageia-linux-gnu --host=x86_64-mageia-linux-gnu --with-cpu=generic --with-system-zlib --enable-threads=posix --enable-shared --enable-objc-gc --enable-long-long --enable-__cxa_atexit --disable-libunwind-exceptions --enable-clocale=gnu --enable-java-awt=gtk --with-java-home=/usr/lib/jvm/java-1.5.0-gcj-1.5.0.0/jre --with-ecj-jar=/usr/share/java/eclipse-ecj.jar --enable-gtk-cairo --disable-libjava-multilib --enable-ssp --disable-libssp --disable-werror --with-isl --with-python-dir=/lib/python2.7/site-packages --enable-lto
Modèle de thread: posix
gcc version 5.5.0 (Mageia 5.5.0-1.mga6) 
COMPILER_PATH=/usr/lib/gcc/x86_64-mageia-linux-gnu/5.5.0/:/usr/lib/gcc/x86_64-mageia-linux-gnu/5.5.0/:/usr/lib/gcc/x86_64-mageia-linux-gnu/:/usr/lib/gcc/x86_64-mageia-linux-gnu/5.5.0/:/usr/lib/gcc/x86_64-mageia-linux-gnu/
LIBRARY_PATH=/usr/lib/gcc/x86_64-mageia-linux-gnu/5.5.0/:/usr/lib/gcc/x86_64-mageia-linux-gnu/5.5.0/../../../../lib64/:/lib/../lib64/:/usr/lib/../lib64/:/usr/lib/gcc/x86_64-mageia-linux-gnu/5.5.0/../../../:/lib/:/usr/lib/
COLLECT_GCC_OPTIONS='-v' '-o' 'cmTC_dafc1' '-shared-libgcc' '-mtune=generic' '-march=x86-64'
 /usr/lib/gcc/x86_64-mageia-linux-gnu/5.5.0/collect2 -plugin /usr/lib/gcc/x86_64-mageia-linux-gnu/5.5.0/liblto_plugin.so -plugin-opt=/usr/lib/gcc/x86_64-mageia-linux-gnu/5.5.0/lto-wrapper -plugin-opt=-fresolution=/tmp/ccNP6ipa.res -plugin-opt=-pass-through=-lgcc_s -plugin-opt=-pass-through=-lgcc -plugin-opt=-pass-through=-lc -plugin-opt=-pass-through=-lgcc_s -plugin-opt=-pass-through=-lgcc --build-id --eh-frame-hdr -m elf_x86_64 --hash-style=gnu -dynamic-linker /lib64/ld-linux-x86-64.so.2 -o cmTC_dafc1 /usr/lib/gcc/x86_64-mageia-linux-gnu/5.5.0/../../../../lib64/crt1.o /usr/lib/gcc/x86_64-mageia-linux-gnu/5.5.0/../../../../lib64/crti.o /usr/lib/gcc/x86_64-mageia-linux-gnu/5.5.0/crtbegin.o -L/usr/lib/gcc/x86_64-mageia-linux-gnu/5.5.0 -L/usr/lib/gcc/x86_64-mageia-linux-gnu/5.5.0/../../../../lib64 -L/lib/../lib64 -L/usr/lib/../lib64 -L/usr/lib/gcc/x86_64-mageia-linux-gnu/5.5.0/../../.. CMakeFiles/cmTC_dafc1.dir/CMakeCXXCompilerABI.cpp.o -lstdc++ -lm -lgcc_s -lgcc -lc -lgcc_s -lgcc /usr/lib/gcc/x86_64-mageia-linux-gnu/5.5.0/crtend.o /usr/lib/gcc/x86_64-mageia-linux-gnu/5.5.0/../../../../lib64/crtn.o
gmake[1] : on quitte le répertoire « /users/josquin/INFO/CPP/micro-aevol-master/CMakeFiles/CMakeTmp »


Parsed CXX implicit link information from above output:
  link line regex: [^( *|.*[/\])(ld|CMAKE_LINK_STARTFILE-NOTFOUND|([^/\]+-)?ld|collect2)[^/\]*( |$)]
  ignore line: [Change Dir: /users/josquin/INFO/CPP/micro-aevol-master/CMakeFiles/CMakeTmp]
  ignore line: []
  ignore line: [Run Build Command:"/bin/gmake" "cmTC_dafc1/fast"]
  ignore line: [/bin/gmake -f CMakeFiles/cmTC_dafc1.dir/build.make CMakeFiles/cmTC_dafc1.dir/build]
  ignore line: [gmake[1] : on entre dans le répertoire « /users/josquin/INFO/CPP/micro-aevol-master/CMakeFiles/CMakeTmp »]
  ignore line: [Building CXX object CMakeFiles/cmTC_dafc1.dir/CMakeCXXCompilerABI.cpp.o]
  ignore line: [/bin/c++     -o CMakeFiles/cmTC_dafc1.dir/CMakeCXXCompilerABI.cpp.o -c /users/josquin/.local/share/JetBrains/Toolbox/apps/CLion/ch-0/183.4284.156/bin/cmake/linux/share/cmake-3.12/Modules/CMakeCXXCompilerABI.cpp]
  ignore line: [Linking CXX executable cmTC_dafc1]
  ignore line: [/users/josquin/.local/share/JetBrains/Toolbox/apps/CLion/ch-0/183.4284.156/bin/cmake/linux/bin/cmake -E cmake_link_script CMakeFiles/cmTC_dafc1.dir/link.txt --verbose=1]
  ignore line: [/bin/c++      -v CMakeFiles/cmTC_dafc1.dir/CMakeCXXCompilerABI.cpp.o  -o cmTC_dafc1 ]
  ignore line: [Utilisation des specs internes.]
  ignore line: [COLLECT_GCC=/bin/c++]
  ignore line: [COLLECT_LTO_WRAPPER=/usr/lib/gcc/x86_64-mageia-linux-gnu/5.5.0/lto-wrapper]
  ignore line: [Cible : x86_64-mageia-linux-gnu]
  ignore line: [Configuré avec: ../configure --prefix=/usr --libexecdir=/usr/lib --with-slibdir=/lib64 --with-pkgversion='Mageia 5.5.0-1.mga6' --with-bugurl=https://bugs.mageia.org/ --mandir=/usr/share/man --infodir=/usr/share/info --enable-checking=release --enable-languages=c,c++,ada,fortran,objc,obj-c++,java --enable-linker-build-id --build=x86_64-mageia-linux-gnu --host=x86_64-mageia-linux-gnu --with-cpu=generic --with-system-zlib --enable-threads=posix --enable-shared --enable-objc-gc --enable-long-long --enable-__cxa_atexit --disable-libunwind-exceptions --enable-clocale=gnu --enable-java-awt=gtk --with-java-home=/usr/lib/jvm/java-1.5.0-gcj-1.5.0.0/jre --with-ecj-jar=/usr/share/java/eclipse-ecj.jar --enable-gtk-cairo --disable-libjava-multilib --enable-ssp --disable-libssp --disable-werror --with-isl --with-python-dir=/lib/python2.7/site-packages --enable-lto]
  ignore line: [Modèle de thread: posix]
  ignore line: [gcc version 5.5.0 (Mageia 5.5.0-1.mga6) ]
  ignore line: [COMPILER_PATH=/usr/lib/gcc/x86_64-mageia-linux-gnu/5.5.0/:/usr/lib/gcc/x86_64-mageia-linux-gnu/5.5.0/:/usr/lib/gcc/x86_64-mageia-linux-gnu/:/usr/lib/gcc/x86_64-mageia-linux-gnu/5.5.0/:/usr/lib/gcc/x86_64-mageia-linux-gnu/]
  ignore line: [LIBRARY_PATH=/usr/lib/gcc/x86_64-mageia-linux-gnu/5.5.0/:/usr/lib/gcc/x86_64-mageia-linux-gnu/5.5.0/../../../../lib64/:/lib/../lib64/:/usr/lib/../lib64/:/usr/lib/gcc/x86_64-mageia-linux-gnu/5.5.0/../../../:/lib/:/usr/lib/]
  ignore line: [COLLECT_GCC_OPTIONS='-v' '-o' 'cmTC_dafc1' '-shared-libgcc' '-mtune=generic' '-march=x86-64']
  link line: [ /usr/lib/gcc/x86_64-mageia-linux-gnu/5.5.0/collect2 -plugin /usr/lib/gcc/x86_64-mageia-linux-gnu/5.5.0/liblto_plugin.so -plugin-opt=/usr/lib/gcc/x86_64-mageia-linux-gnu/5.5.0/lto-wrapper -plugin-opt=-fresolution=/tmp/ccNP6ipa.res -plugin-opt=-pass-through=-lgcc_s -plugin-opt=-pass-through=-lgcc -plugin-opt=-pass-through=-lc -plugin-opt=-pass-through=-lgcc_s -plugin-opt=-pass-through=-lgcc --build-id --eh-frame-hdr -m elf_x86_64 --hash-style=gnu -dynamic-linker /lib64/ld-linux-x86-64.so.2 -o cmTC_dafc1 /usr/lib/gcc/x86_64-mageia-linux-gnu/5.5.0/../../../../lib64/crt1.o /usr/lib/gcc/x86_64-mageia-linux-gnu/5.5.0/../../../../lib64/crti.o /usr/lib/gcc/x86_64-mageia-linux-gnu/5.5.0/crtbegin.o -L/usr/lib/gcc/x86_64-mageia-linux-gnu/5.5.0 -L/usr/lib/gcc/x86_64-mageia-linux-gnu/5.5.0/../../../../lib64 -L/lib/../lib64 -L/usr/lib/../lib64 -L/usr/lib/gcc/x86_64-mageia-linux-gnu/5.5.0/../../.. CMakeFiles/cmTC_dafc1.dir/CMakeCXXCompilerABI.cpp.o -lstdc++ -lm -lgcc_s -lgcc -lc -lgcc_s -lgcc /usr/lib/gcc/x86_64-mageia-linux-gnu/5.5.0/crtend.o /usr/lib/gcc/x86_64-mageia-linux-gnu/5.5.0/../../../../lib64/crtn.o]
    arg [/usr/lib/gcc/x86_64-mageia-linux-gnu/5.5.0/collect2] ==> ignore
    arg [-plugin] ==> ignore
    arg [/usr/lib/gcc/x86_64-mageia-linux-gnu/5.5.0/liblto_plugin.so] ==> ignore
    arg [-plugin-opt=/usr/lib/gcc/x86_64-mageia-linux-gnu/5.5.0/lto-wrapper] ==> ignore
    arg [-plugin-opt=-fresolution=/tmp/ccNP6ipa.res] ==> ignore
    arg [-plugin-opt=-pass-through=-lgcc_s] ==> ignore
    arg [-plugin-opt=-pass-through=-lgcc] ==> ignore
    arg [-plugin-opt=-pass-through=-lc] ==> ignore
    arg [-plugin-opt=-pass-through=-lgcc_s] ==> ignore
    arg [-plugin-opt=-pass-through=-lgcc] ==> ignore
    arg [--build-id] ==> ignore
    arg [--eh-frame-hdr] ==> ignore
    arg [-m] ==> ignore
    arg [elf_x86_64] ==> ignore
    arg [--hash-style=gnu] ==> ignore
    arg [-dynamic-linker] ==> ignore
    arg [/lib64/ld-linux-x86-64.so.2] ==> ignore
    arg [-o] ==> ignore
    arg [cmTC_dafc1] ==> ignore
    arg [/usr/lib/gcc/x86_64-mageia-linux-gnu/5.5.0/../../../../lib64/crt1.o] ==> ignore
    arg [/usr/lib/gcc/x86_64-mageia-linux-gnu/5.5.0/../../../../lib64/crti.o] ==> ignore
    arg [/usr/lib/gcc/x86_64-mageia-linux-gnu/5.5.0/crtbegin.o] ==> ignore
    arg [-L/usr/lib/gcc/x86_64-mageia-linux-gnu/5.5.0] ==> dir [/usr/lib/gcc/x86_64-mageia-linux-gnu/5.5.0]
    arg [-L/usr/lib/gcc/x86_64-mageia-linux-gnu/5.5.0/../../../../lib64] ==> dir [/usr/lib/gcc/x86_64-mageia-linux-gnu/5.5.0/../../../../lib64]
    arg [-L/lib/../lib64] ==> dir [/lib/../lib64]
    arg [-L/usr/lib/../lib64] ==> dir [/usr/lib/../lib64]
    arg [-L/usr/lib/gcc/x86_64-mageia-linux-gnu/5.5.0/../../..] ==> dir [/usr/lib/gcc/x86_64-mageia-linux-gnu/5.5.0/../../..]
    arg [CMakeFiles/cmTC_dafc1.dir/CMakeCXXCompilerABI.cpp.o] ==> ignore
    arg [-lstdc++] ==> lib [stdc++]
    arg [-lm] ==> lib [m]
    arg [-lgcc_s] ==> lib [gcc_s]
    arg [-lgcc] ==> lib [gcc]
    arg [-lc] ==> lib [c]
    arg [-lgcc_s] ==> lib [gcc_s]
    arg [-lgcc] ==> lib [gcc]
    arg [/usr/lib/gcc/x86_64-mageia-linux-gnu/5.5.0/crtend.o] ==> ignore
    arg [/usr/lib/gcc/x86_64-mageia-linux-gnu/5.5.0/../../../../lib64/crtn.o] ==> ignore
  collapse library dir [/usr/lib/gcc/x86_64-mageia-linux-gnu/5.5.0] ==> [/usr/lib/gcc/x86_64-mageia-linux-gnu/5.5.0]
  collapse library dir [/usr/lib/gcc/x86_64-mageia-linux-gnu/5.5.0/../../../../lib64] ==> [/usr/lib64]
  collapse library dir [/lib/../lib64] ==> [/lib64]
  collapse library dir [/usr/lib/../lib64] ==> [/usr/lib64]
  collapse library dir [/usr/lib/gcc/x86_64-mageia-linux-gnu/5.5.0/../../..] ==> [/usr/lib]
  implicit libs: [stdc++;m;gcc_s;gcc;c;gcc_s;gcc]
  implicit dirs: [/usr/lib/gcc/x86_64-mageia-linux-gnu/5.5.0;/usr/lib64;/lib64;/usr/lib]
  implicit fwks: []




Detecting CXX [-std=c++1z] compiler features compiled with the following output:
Change Dir: /users/josquin/INFO/CPP/micro-aevol-master/CMakeFiles/CMakeTmp

Run Build Command:"/bin/gmake" "cmTC_e3ad3/fast"
/bin/gmake -f CMakeFiles/cmTC_e3ad3.dir/build.make CMakeFiles/cmTC_e3ad3.dir/build
gmake[1] : on entre dans le répertoire « /users/josquin/INFO/CPP/micro-aevol-master/CMakeFiles/CMakeTmp »
Building CXX object CMakeFiles/cmTC_e3ad3.dir/feature_tests.cxx.o
/bin/c++    -std=c++1z -o CMakeFiles/cmTC_e3ad3.dir/feature_tests.cxx.o -c /users/josquin/INFO/CPP/micro-aevol-master/CMakeFiles/feature_tests.cxx
Linking CXX executable cmTC_e3ad3
/users/josquin/.local/share/JetBrains/Toolbox/apps/CLion/ch-0/183.4284.156/bin/cmake/linux/bin/cmake -E cmake_link_script CMakeFiles/cmTC_e3ad3.dir/link.txt --verbose=1
/bin/c++       CMakeFiles/cmTC_e3ad3.dir/feature_tests.cxx.o  -o cmTC_e3ad3 
gmake[1] : on quitte le répertoire « /users/josquin/INFO/CPP/micro-aevol-master/CMakeFiles/CMakeTmp »


    Feature record: CXX_FEATURE:1cxx_aggregate_default_initializers
    Feature record: CXX_FEATURE:1cxx_alias_templates
    Feature record: CXX_FEATURE:1cxx_alignas
    Feature record: CXX_FEATURE:1cxx_alignof
    Feature record: CXX_FEATURE:1cxx_attributes
    Feature record: CXX_FEATURE:1cxx_attribute_deprecated
    Feature record: CXX_FEATURE:1cxx_auto_type
    Feature record: CXX_FEATURE:1cxx_binary_literals
    Feature record: CXX_FEATURE:1cxx_constexpr
    Feature record: CXX_FEATURE:1cxx_contextual_conversions
    Feature record: CXX_FEATURE:1cxx_decltype
    Feature record: CXX_FEATURE:1cxx_decltype_auto
    Feature record: CXX_FEATURE:1cxx_decltype_incomplete_return_types
    Feature record: CXX_FEATURE:1cxx_default_function_template_args
    Feature record: CXX_FEATURE:1cxx_defaulted_functions
    Feature record: CXX_FEATURE:1cxx_defaulted_move_initializers
    Feature record: CXX_FEATURE:1cxx_delegating_constructors
    Feature record: CXX_FEATURE:1cxx_deleted_functions
    Feature record: CXX_FEATURE:1cxx_digit_separators
    Feature record: CXX_FEATURE:1cxx_enum_forward_declarations
    Feature record: CXX_FEATURE:1cxx_explicit_conversions
    Feature record: CXX_FEATURE:1cxx_extended_friend_declarations
    Feature record: CXX_FEATURE:1cxx_extern_templates
    Feature record: CXX_FEATURE:1cxx_final
    Feature record: CXX_FEATURE:1cxx_func_identifier
    Feature record: CXX_FEATURE:1cxx_generalized_initializers
    Feature record: CXX_FEATURE:1cxx_generic_lambdas
    Feature record: CXX_FEATURE:1cxx_inheriting_constructors
    Feature record: CXX_FEATURE:1cxx_inline_namespaces
    Feature record: CXX_FEATURE:1cxx_lambdas
    Feature record: CXX_FEATURE:1cxx_lambda_init_captures
    Feature record: CXX_FEATURE:1cxx_local_type_template_args
    Feature record: CXX_FEATURE:1cxx_long_long_type
    Feature record: CXX_FEATURE:1cxx_noexcept
    Feature record: CXX_FEATURE:1cxx_nonstatic_member_init
    Feature record: CXX_FEATURE:1cxx_nullptr
    Feature record: CXX_FEATURE:1cxx_override
    Feature record: CXX_FEATURE:1cxx_range_for
    Feature record: CXX_FEATURE:1cxx_raw_string_literals
    Feature record: CXX_FEATURE:1cxx_reference_qualified_functions
    Feature record: CXX_FEATURE:1cxx_relaxed_constexpr
    Feature record: CXX_FEATURE:1cxx_return_type_deduction
    Feature record: CXX_FEATURE:1cxx_right_angle_brackets
    Feature record: CXX_FEATURE:1cxx_rvalue_references
    Feature record: CXX_FEATURE:1cxx_sizeof_member
    Feature record: CXX_FEATURE:1cxx_static_assert
    Feature record: CXX_FEATURE:1cxx_strong_enums
    Feature record: CXX_FEATURE:1cxx_template_template_parameters
    Feature record: CXX_FEATURE:1cxx_thread_local
    Feature record: CXX_FEATURE:1cxx_trailing_return_types
    Feature record: CXX_FEATURE:1cxx_unicode_literals
    Feature record: CXX_FEATURE:1cxx_uniform_initialization
    Feature record: CXX_FEATURE:1cxx_unrestricted_unions
    Feature record: CXX_FEATURE:1cxx_user_literals
    Feature record: CXX_FEATURE:1cxx_variable_templates
    Feature record: CXX_FEATURE:1cxx_variadic_macros
    Feature record: CXX_FEATURE:1cxx_variadic_templates


Detecting CXX [-std=c++14] compiler features compiled with the following output:
Change Dir: /users/josquin/INFO/CPP/micro-aevol-master/CMakeFiles/CMakeTmp

Run Build Command:"/bin/gmake" "cmTC_6ed82/fast"
/bin/gmake -f CMakeFiles/cmTC_6ed82.dir/build.make CMakeFiles/cmTC_6ed82.dir/build
gmake[1] : on entre dans le répertoire « /users/josquin/INFO/CPP/micro-aevol-master/CMakeFiles/CMakeTmp »
Building CXX object CMakeFiles/cmTC_6ed82.dir/feature_tests.cxx.o
/bin/c++    -std=c++14 -o CMakeFiles/cmTC_6ed82.dir/feature_tests.cxx.o -c /users/josquin/INFO/CPP/micro-aevol-master/CMakeFiles/feature_tests.cxx
Linking CXX executable cmTC_6ed82
/users/josquin/.local/share/JetBrains/Toolbox/apps/CLion/ch-0/183.4284.156/bin/cmake/linux/bin/cmake -E cmake_link_script CMakeFiles/cmTC_6ed82.dir/link.txt --verbose=1
/bin/c++       CMakeFiles/cmTC_6ed82.dir/feature_tests.cxx.o  -o cmTC_6ed82 
gmake[1] : on quitte le répertoire « /users/josquin/INFO/CPP/micro-aevol-master/CMakeFiles/CMakeTmp »


    Feature record: CXX_FEATURE:1cxx_aggregate_default_initializers
    Feature record: CXX_FEATURE:1cxx_alias_templates
    Feature record: CXX_FEATURE:1cxx_alignas
    Feature record: CXX_FEATURE:1cxx_alignof
    Feature record: CXX_FEATURE:1cxx_attributes
    Feature record: CXX_FEATURE:1cxx_attribute_deprecated
    Feature record: CXX_FEATURE:1cxx_auto_type
    Feature record: CXX_FEATURE:1cxx_binary_literals
    Feature record: CXX_FEATURE:1cxx_constexpr
    Feature record: CXX_FEATURE:1cxx_contextual_conversions
    Feature record: CXX_FEATURE:1cxx_decltype
    Feature record: CXX_FEATURE:1cxx_decltype_auto
    Feature record: CXX_FEATURE:1cxx_decltype_incomplete_return_types
    Feature record: CXX_FEATURE:1cxx_default_function_template_args
    Feature record: CXX_FEATURE:1cxx_defaulted_functions
    Feature record: CXX_FEATURE:1cxx_defaulted_move_initializers
    Feature record: CXX_FEATURE:1cxx_delegating_constructors
    Feature record: CXX_FEATURE:1cxx_deleted_functions
    Feature record: CXX_FEATURE:1cxx_digit_separators
    Feature record: CXX_FEATURE:1cxx_enum_forward_declarations
    Feature record: CXX_FEATURE:1cxx_explicit_conversions
    Feature record: CXX_FEATURE:1cxx_extended_friend_declarations
    Feature record: CXX_FEATURE:1cxx_extern_templates
    Feature record: CXX_FEATURE:1cxx_final
    Feature record: CXX_FEATURE:1cxx_func_identifier
    Feature record: CXX_FEATURE:1cxx_generalized_initializers
    Feature record: CXX_FEATURE:1cxx_generic_lambdas
    Feature record: CXX_FEATURE:1cxx_inheriting_constructors
    Feature record: CXX_FEATURE:1cxx_inline_namespaces
    Feature record: CXX_FEATURE:1cxx_lambdas
    Feature record: CXX_FEATURE:1cxx_lambda_init_captures
    Feature record: CXX_FEATURE:1cxx_local_type_template_args
    Feature record: CXX_FEATURE:1cxx_long_long_type
    Feature record: CXX_FEATURE:1cxx_noexcept
    Feature record: CXX_FEATURE:1cxx_nonstatic_member_init
    Feature record: CXX_FEATURE:1cxx_nullptr
    Feature record: CXX_FEATURE:1cxx_override
    Feature record: CXX_FEATURE:1cxx_range_for
    Feature record: CXX_FEATURE:1cxx_raw_string_literals
    Feature record: CXX_FEATURE:1cxx_reference_qualified_functions
    Feature record: CXX_FEATURE:1cxx_relaxed_constexpr
    Feature record: CXX_FEATURE:1cxx_return_type_deduction
    Feature record: CXX_FEATURE:1cxx_right_angle_brackets
    Feature record: CXX_FEATURE:1cxx_rvalue_references
    Feature record: CXX_FEATURE:1cxx_sizeof_member
    Feature record: CXX_FEATURE:1cxx_static_assert
    Feature record: CXX_FEATURE:1cxx_strong_enums
    Feature record: CXX_FEATURE:1cxx_template_template_parameters
    Feature record: CXX_FEATURE:1cxx_thread_local
    Feature record: CXX_FEATURE:1cxx_trailing_return_types
    Feature record: CXX_FEATURE:1cxx_unicode_literals
    Feature record: CXX_FEATURE:1cxx_uniform_initialization
    Feature record: CXX_FEATURE:1cxx_unrestricted_unions
    Feature record: CXX_FEATURE:1cxx_user_literals
    Feature record: CXX_FEATURE:1cxx_variable_templates
    Feature record: CXX_FEATURE:1cxx_variadic_macros
    Feature record: CXX_FEATURE:1cxx_variadic_templates


Detecting CXX [-std=c++11] compiler features compiled with the following output:
Change Dir: /users/josquin/INFO/CPP/micro-aevol-master/CMakeFiles/CMakeTmp

Run Build Command:"/bin/gmake" "cmTC_a6c84/fast"
/bin/gmake -f CMakeFiles/cmTC_a6c84.dir/build.make CMakeFiles/cmTC_a6c84.dir/build
gmake[1] : on entre dans le répertoire « /users/josquin/INFO/CPP/micro-aevol-master/CMakeFiles/CMakeTmp »
Building CXX object CMakeFiles/cmTC_a6c84.dir/feature_tests.cxx.o
/bin/c++    -std=c++11 -o CMakeFiles/cmTC_a6c84.dir/feature_tests.cxx.o -c /users/josquin/INFO/CPP/micro-aevol-master/CMakeFiles/feature_tests.cxx
Linking CXX executable cmTC_a6c84
/users/josquin/.local/share/JetBrains/Toolbox/apps/CLion/ch-0/183.4284.156/bin/cmake/linux/bin/cmake -E cmake_link_script CMakeFiles/cmTC_a6c84.dir/link.txt --verbose=1
/bin/c++       CMakeFiles/cmTC_a6c84.dir/feature_tests.cxx.o  -o cmTC_a6c84 
gmake[1] : on quitte le répertoire « /users/josquin/INFO/CPP/micro-aevol-master/CMakeFiles/CMakeTmp »


    Feature record: CXX_FEATURE:0cxx_aggregate_default_initializers
    Feature record: CXX_FEATURE:1cxx_alias_templates
    Feature record: CXX_FEATURE:1cxx_alignas
    Feature record: CXX_FEATURE:1cxx_alignof
    Feature record: CXX_FEATURE:1cxx_attributes
    Feature record: CXX_FEATURE:0cxx_attribute_deprecated
    Feature record: CXX_FEATURE:1cxx_auto_type
    Feature record: CXX_FEATURE:0cxx_binary_literals
    Feature record: CXX_FEATURE:1cxx_constexpr
    Feature record: CXX_FEATURE:0cxx_contextual_conversions
    Feature record: CXX_FEATURE:1cxx_decltype
    Feature record: CXX_FEATURE:0cxx_decltype_auto
    Feature record: CXX_FEATURE:1cxx_decltype_incomplete_return_types
    Feature record: CXX_FEATURE:1cxx_default_function_template_args
    Feature record: CXX_FEATURE:1cxx_defaulted_functions
    Feature record: CXX_FEATURE:1cxx_defaulted_move_initializers
    Feature record: CXX_FEATURE:1cxx_delegating_constructors
    Feature record: CXX_FEATURE:1cxx_deleted_functions
    Feature record: CXX_FEATURE:0cxx_digit_separators
    Feature record: CXX_FEATURE:1cxx_enum_forward_declarations
    Feature record: CXX_FEATURE:1cxx_explicit_conversions
    Feature record: CXX_FEATURE:1cxx_extended_friend_declarations
    Feature record: CXX_FEATURE:1cxx_extern_templates
    Feature record: CXX_FEATURE:1cxx_final
    Feature record: CXX_FEATURE:1cxx_func_identifier
    Feature record: CXX_FEATURE:1cxx_generalized_initializers
    Feature record: CXX_FEATURE:0cxx_generic_lambdas
    Feature record: CXX_FEATURE:1cxx_inheriting_constructors
    Feature record: CXX_FEATURE:1cxx_inline_namespaces
    Feature record: CXX_FEATURE:1cxx_lambdas
    Feature record: CXX_FEATURE:0cxx_lambda_init_captures
    Feature record: CXX_FEATURE:1cxx_local_type_template_args
    Feature record: CXX_FEATURE:1cxx_long_long_type
    Feature record: CXX_FEATURE:1cxx_noexcept
    Feature record: CXX_FEATURE:1cxx_nonstatic_member_init
    Feature record: CXX_FEATURE:1cxx_nullptr
    Feature record: CXX_FEATURE:1cxx_override
    Feature record: CXX_FEATURE:1cxx_range_for
    Feature record: CXX_FEATURE:1cxx_raw_string_literals
    Feature record: CXX_FEATURE:1cxx_reference_qualified_functions
    Feature record: CXX_FEATURE:0cxx_relaxed_constexpr
    Feature record: CXX_FEATURE:0cxx_return_type_deduction
    Feature record: CXX_FEATURE:1cxx_right_angle_brackets
    Feature record: CXX_FEATURE:1cxx_rvalue_references
    Feature record: CXX_FEATURE:1cxx_sizeof_member
    Feature record: CXX_FEATURE:1cxx_static_assert
    Feature record: CXX_FEATURE:1cxx_strong_enums
    Feature record: CXX_FEATURE:1cxx_template_template_parameters
    Feature record: CXX_FEATURE:1cxx_thread_local
    Feature record: CXX_FEATURE:1cxx_trailing_return_types
    Feature record: CXX_FEATURE:1cxx_unicode_literals
    Feature record: CXX_FEATURE:1cxx_uniform_initialization
    Feature record: CXX_FEATURE:1cxx_unrestricted_unions
    Feature record: CXX_FEATURE:1cxx_user_literals
    Feature record: CXX_FEATURE:0cxx_variable_templates
    Feature record: CXX_FEATURE:1cxx_variadic_macros
    Feature record: CXX_FEATURE:1cxx_variadic_templates


Detecting CXX [-std=c++98] compiler features compiled with the following output:
Change Dir: /users/josquin/INFO/CPP/micro-aevol-master/CMakeFiles/CMakeTmp

Run Build Command:"/bin/gmake" "cmTC_56658/fast"
/bin/gmake -f CMakeFiles/cmTC_56658.dir/build.make CMakeFiles/cmTC_56658.dir/build
gmake[1] : on entre dans le répertoire « /users/josquin/INFO/CPP/micro-aevol-master/CMakeFiles/CMakeTmp »
Building CXX object CMakeFiles/cmTC_56658.dir/feature_tests.cxx.o
/bin/c++    -std=c++98 -o CMakeFiles/cmTC_56658.dir/feature_tests.cxx.o -c /users/josquin/INFO/CPP/micro-aevol-master/CMakeFiles/feature_tests.cxx
Linking CXX executable cmTC_56658
/users/josquin/.local/share/JetBrains/Toolbox/apps/CLion/ch-0/183.4284.156/bin/cmake/linux/bin/cmake -E cmake_link_script CMakeFiles/cmTC_56658.dir/link.txt --verbose=1
/bin/c++       CMakeFiles/cmTC_56658.dir/feature_tests.cxx.o  -o cmTC_56658 
gmake[1] : on quitte le répertoire « /users/josquin/INFO/CPP/micro-aevol-master/CMakeFiles/CMakeTmp »


    Feature record: CXX_FEATURE:0cxx_aggregate_default_initializers
    Feature record: CXX_FEATURE:0cxx_alias_templates
    Feature record: CXX_FEATURE:0cxx_alignas
    Feature record: CXX_FEATURE:0cxx_alignof
    Feature record: CXX_FEATURE:0cxx_attributes
    Feature record: CXX_FEATURE:0cxx_attribute_deprecated
    Feature record: CXX_FEATURE:0cxx_auto_type
    Feature record: CXX_FEATURE:0cxx_binary_literals
    Feature record: CXX_FEATURE:0cxx_constexpr
    Feature record: CXX_FEATURE:0cxx_contextual_conversions
    Feature record: CXX_FEATURE:0cxx_decltype
    Feature record: CXX_FEATURE:0cxx_decltype_auto
    Feature record: CXX_FEATURE:0cxx_decltype_incomplete_return_types
    Feature record: CXX_FEATURE:0cxx_default_function_template_args
    Feature record: CXX_FEATURE:0cxx_defaulted_functions
    Feature record: CXX_FEATURE:0cxx_defaulted_move_initializers
    Feature record: CXX_FEATURE:0cxx_delegating_constructors
    Feature record: CXX_FEATURE:0cxx_deleted_functions
    Feature record: CXX_FEATURE:0cxx_digit_separators
    Feature record: CXX_FEATURE:0cxx_enum_forward_declarations
    Feature record: CXX_FEATURE:0cxx_explicit_conversions
    Feature record: CXX_FEATURE:0cxx_extended_friend_declarations
    Feature record: CXX_FEATURE:0cxx_extern_templates
    Feature record: CXX_FEATURE:0cxx_final
    Feature record: CXX_FEATURE:0cxx_func_identifier
    Feature record: CXX_FEATURE:0cxx_generalized_initializers
    Feature record: CXX_FEATURE:0cxx_generic_lambdas
    Feature record: CXX_FEATURE:0cxx_inheriting_constructors
    Feature record: CXX_FEATURE:0cxx_inline_namespaces
    Feature record: CXX_FEATURE:0cxx_lambdas
    Feature record: CXX_FEATURE:0cxx_lambda_init_captures
    Feature record: CXX_FEATURE:0cxx_local_type_template_args
    Feature record: CXX_FEATURE:0cxx_long_long_type
    Feature record: CXX_FEATURE:0cxx_noexcept
    Feature record: CXX_FEATURE:0cxx_nonstatic_member_init
    Feature record: CXX_FEATURE:0cxx_nullptr
    Feature record: CXX_FEATURE:0cxx_override
    Feature record: CXX_FEATURE:0cxx_range_for
    Feature record: CXX_FEATURE:0cxx_raw_string_literals
    Feature record: CXX_FEATURE:0cxx_reference_qualified_functions
    Feature record: CXX_FEATURE:0cxx_relaxed_constexpr
    Feature record: CXX_FEATURE:0cxx_return_type_deduction
    Feature record: CXX_FEATURE:0cxx_right_angle_brackets
    Feature record: CXX_FEATURE:0cxx_rvalue_references
    Feature record: CXX_FEATURE:0cxx_sizeof_member
    Feature record: CXX_FEATURE:0cxx_static_assert
    Feature record: CXX_FEATURE:0cxx_strong_enums
    Feature record: CXX_FEATURE:1cxx_template_template_parameters
    Feature record: CXX_FEATURE:0cxx_thread_local
    Feature record: CXX_FEATURE:0cxx_trailing_return_types
    Feature record: CXX_FEATURE:0cxx_unicode_literals
    Feature record: CXX_FEATURE:0cxx_uniform_initialization
    Feature record: CXX_FEATURE:0cxx_unrestricted_unions
    Feature record: CXX_FEATURE:0cxx_user_literals
    Feature record: CXX_FEATURE:0cxx_variable_templates
    Feature record: CXX_FEATURE:0cxx_variadic_macros
    Feature record: CXX_FEATURE:0cxx_variadic_templates
The system is: Linux - 4.14.78-desktop-1.mga6 - x86_64
Compiling the C compiler identification source file "CMakeCCompilerId.c" succeeded.
Compiler: /bin/cc 
Build flags: 
Id flags:  

The output was:
0


Compilation of the C compiler identification source "CMakeCCompilerId.c" produced "a.out"

The C compiler identification is GNU, found in "/users/josquin/INFO/CPP/micro-aevol-master/CMakeFiles/3.13.1/CompilerIdC/a.out"

Compiling the CXX compiler identification source file "CMakeCXXCompilerId.cpp" succeeded.
Compiler: /bin/c++ 
Build flags: 
Id flags:  

The output was:
0


Compilation of the CXX compiler identification source "CMakeCXXCompilerId.cpp" produced "a.out"

The CXX compiler identification is GNU, found in "/users/josquin/INFO/CPP/micro-aevol-master/CMakeFiles/3.13.1/CompilerIdCXX/a.out"

Determining if the C compiler works passed with the following output:
Change Dir: /users/josquin/INFO/CPP/micro-aevol-master/CMakeFiles/CMakeTmp

Run Build Command:"/bin/gmake" "cmTC_5981a/fast"
/bin/gmake -f CMakeFiles/cmTC_5981a.dir/build.make CMakeFiles/cmTC_5981a.dir/build
gmake[1] : on entre dans le répertoire « /users/josquin/INFO/CPP/micro-aevol-master/CMakeFiles/CMakeTmp »
Building C object CMakeFiles/cmTC_5981a.dir/testCCompiler.c.o
/bin/cc    -o CMakeFiles/cmTC_5981a.dir/testCCompiler.c.o   -c /users/josquin/INFO/CPP/micro-aevol-master/CMakeFiles/CMakeTmp/testCCompiler.c
Linking C executable cmTC_5981a
/users/josquin/.local/share/JetBrains/Toolbox/apps/CLion/ch-0/183.4588.63/bin/cmake/linux/bin/cmake -E cmake_link_script CMakeFiles/cmTC_5981a.dir/link.txt --verbose=1
/bin/cc      CMakeFiles/cmTC_5981a.dir/testCCompiler.c.o  -o cmTC_5981a 
gmake[1] : on quitte le répertoire « /users/josquin/INFO/CPP/micro-aevol-master/CMakeFiles/CMakeTmp »


Detecting C compiler ABI info compiled with the following output:
Change Dir: /users/josquin/INFO/CPP/micro-aevol-master/CMakeFiles/CMakeTmp

Run Build Command:"/bin/gmake" "cmTC_88970/fast"
/bin/gmake -f CMakeFiles/cmTC_88970.dir/build.make CMakeFiles/cmTC_88970.dir/build
gmake[1] : on entre dans le répertoire « /users/josquin/INFO/CPP/micro-aevol-master/CMakeFiles/CMakeTmp »
Building C object CMakeFiles/cmTC_88970.dir/CMakeCCompilerABI.c.o
/bin/cc    -o CMakeFiles/cmTC_88970.dir/CMakeCCompilerABI.c.o   -c /users/josquin/.local/share/JetBrains/Toolbox/apps/CLion/ch-0/183.4588.63/bin/cmake/linux/share/cmake-3.13/Modules/CMakeCCompilerABI.c
Linking C executable cmTC_88970
/users/josquin/.local/share/JetBrains/Toolbox/apps/CLion/ch-0/183.4588.63/bin/cmake/linux/bin/cmake -E cmake_link_script CMakeFiles/cmTC_88970.dir/link.txt --verbose=1
/bin/cc     -v CMakeFiles/cmTC_88970.dir/CMakeCCompilerABI.c.o  -o cmTC_88970 
Utilisation des specs internes.
COLLECT_GCC=/bin/cc
COLLECT_LTO_WRAPPER=/usr/lib/gcc/x86_64-mageia-linux-gnu/5.5.0/lto-wrapper
Cible : x86_64-mageia-linux-gnu
Configuré avec: ../configure --prefix=/usr --libexecdir=/usr/lib --with-slibdir=/lib64 --with-pkgversion='Mageia 5.5.0-1.mga6' --with-bugurl=https://bugs.mageia.org/ --mandir=/usr/share/man --infodir=/usr/share/info --enable-checking=release --enable-languages=c,c++,ada,fortran,objc,obj-c++,java --enable-linker-build-id --build=x86_64-mageia-linux-gnu --host=x86_64-mageia-linux-gnu --with-cpu=generic --with-system-zlib --enable-threads=posix --enable-shared --enable-objc-gc --enable-long-long --enable-__cxa_atexit --disable-libunwind-exceptions --enable-clocale=gnu --enable-java-awt=gtk --with-java-home=/usr/lib/jvm/java-1.5.0-gcj-1.5.0.0/jre --with-ecj-jar=/usr/share/java/eclipse-ecj.jar --enable-gtk-cairo --disable-libjava-multilib --enable-ssp --disable-libssp --disable-werror --with-isl --with-python-dir=/lib/python2.7/site-packages --enable-lto
Modèle de thread: posix
gcc version 5.5.0 (Mageia 5.5.0-1.mga6) 
COMPILER_PATH=/usr/lib/gcc/x86_64-mageia-linux-gnu/5.5.0/:/usr/lib/gcc/x86_64-mageia-linux-gnu/5.5.0/:/usr/lib/gcc/x86_64-mageia-linux-gnu/:/usr/lib/gcc/x86_64-mageia-linux-gnu/5.5.0/:/usr/lib/gcc/x86_64-mageia-linux-gnu/
LIBRARY_PATH=/usr/lib/gcc/x86_64-mageia-linux-gnu/5.5.0/:/usr/lib/gcc/x86_64-mageia-linux-gnu/5.5.0/../../../../lib64/:/lib/../lib64/:/usr/lib/../lib64/:/usr/lib/gcc/x86_64-mageia-linux-gnu/5.5.0/../../../:/lib/:/usr/lib/
COLLECT_GCC_OPTIONS='-v' '-o' 'cmTC_88970' '-mtune=generic' '-march=x86-64'
 /usr/lib/gcc/x86_64-mageia-linux-gnu/5.5.0/collect2 -plugin /usr/lib/gcc/x86_64-mageia-linux-gnu/5.5.0/liblto_plugin.so -plugin-opt=/usr/lib/gcc/x86_64-mageia-linux-gnu/5.5.0/lto-wrapper -plugin-opt=-fresolution=/tmp/ccv1Octp.res -plugin-opt=-pass-through=-lgcc -plugin-opt=-pass-through=-lgcc_s -plugin-opt=-pass-through=-lc -plugin-opt=-pass-through=-lgcc -plugin-opt=-pass-through=-lgcc_s --build-id --eh-frame-hdr -m elf_x86_64 --hash-style=gnu -dynamic-linker /lib64/ld-linux-x86-64.so.2 -o cmTC_88970 /usr/lib/gcc/x86_64-mageia-linux-gnu/5.5.0/../../../../lib64/crt1.o /usr/lib/gcc/x86_64-mageia-linux-gnu/5.5.0/../../../../lib64/crti.o /usr/lib/gcc/x86_64-mageia-linux-gnu/5.5.0/crtbegin.o -L/usr/lib/gcc/x86_64-mageia-linux-gnu/5.5.0 -L/usr/lib/gcc/x86_64-mageia-linux-gnu/5.5.0/../../../../lib64 -L/lib/../lib64 -L/usr/lib/../lib64 -L/usr/lib/gcc/x86_64-mageia-linux-gnu/5.5.0/../../.. CMakeFiles/cmTC_88970.dir/CMakeCCompilerABI.c.o -lgcc --as-needed -lgcc_s --no-as-needed -lc -lgcc --as-needed -lgcc_s --no-as-needed /usr/lib/gcc/x86_64-mageia-linux-gnu/5.5.0/crtend.o /usr/lib/gcc/x86_64-mageia-linux-gnu/5.5.0/../../../../lib64/crtn.o
gmake[1] : on quitte le répertoire « /users/josquin/INFO/CPP/micro-aevol-master/CMakeFiles/CMakeTmp »


Parsed C implicit link information from above output:
  link line regex: [^( *|.*[/\])(ld|CMAKE_LINK_STARTFILE-NOTFOUND|([^/\]+-)?ld|collect2)[^/\]*( |$)]
  ignore line: [Change Dir: /users/josquin/INFO/CPP/micro-aevol-master/CMakeFiles/CMakeTmp]
  ignore line: []
  ignore line: [Run Build Command:"/bin/gmake" "cmTC_88970/fast"]
  ignore line: [/bin/gmake -f CMakeFiles/cmTC_88970.dir/build.make CMakeFiles/cmTC_88970.dir/build]
  ignore line: [gmake[1] : on entre dans le répertoire « /users/josquin/INFO/CPP/micro-aevol-master/CMakeFiles/CMakeTmp »]
  ignore line: [Building C object CMakeFiles/cmTC_88970.dir/CMakeCCompilerABI.c.o]
  ignore line: [/bin/cc    -o CMakeFiles/cmTC_88970.dir/CMakeCCompilerABI.c.o   -c /users/josquin/.local/share/JetBrains/Toolbox/apps/CLion/ch-0/183.4588.63/bin/cmake/linux/share/cmake-3.13/Modules/CMakeCCompilerABI.c]
  ignore line: [Linking C executable cmTC_88970]
  ignore line: [/users/josquin/.local/share/JetBrains/Toolbox/apps/CLion/ch-0/183.4588.63/bin/cmake/linux/bin/cmake -E cmake_link_script CMakeFiles/cmTC_88970.dir/link.txt --verbose=1]
  ignore line: [/bin/cc     -v CMakeFiles/cmTC_88970.dir/CMakeCCompilerABI.c.o  -o cmTC_88970 ]
  ignore line: [Utilisation des specs internes.]
  ignore line: [COLLECT_GCC=/bin/cc]
  ignore line: [COLLECT_LTO_WRAPPER=/usr/lib/gcc/x86_64-mageia-linux-gnu/5.5.0/lto-wrapper]
  ignore line: [Cible : x86_64-mageia-linux-gnu]
  ignore line: [Configuré avec: ../configure --prefix=/usr --libexecdir=/usr/lib --with-slibdir=/lib64 --with-pkgversion='Mageia 5.5.0-1.mga6' --with-bugurl=https://bugs.mageia.org/ --mandir=/usr/share/man --infodir=/usr/share/info --enable-checking=release --enable-languages=c,c++,ada,fortran,objc,obj-c++,java --enable-linker-build-id --build=x86_64-mageia-linux-gnu --host=x86_64-mageia-linux-gnu --with-cpu=generic --with-system-zlib --enable-threads=posix --enable-shared --enable-objc-gc --enable-long-long --enable-__cxa_atexit --disable-libunwind-exceptions --enable-clocale=gnu --enable-java-awt=gtk --with-java-home=/usr/lib/jvm/java-1.5.0-gcj-1.5.0.0/jre --with-ecj-jar=/usr/share/java/eclipse-ecj.jar --enable-gtk-cairo --disable-libjava-multilib --enable-ssp --disable-libssp --disable-werror --with-isl --with-python-dir=/lib/python2.7/site-packages --enable-lto]
  ignore line: [Modèle de thread: posix]
  ignore line: [gcc version 5.5.0 (Mageia 5.5.0-1.mga6) ]
  ignore line: [COMPILER_PATH=/usr/lib/gcc/x86_64-mageia-linux-gnu/5.5.0/:/usr/lib/gcc/x86_64-mageia-linux-gnu/5.5.0/:/usr/lib/gcc/x86_64-mageia-linux-gnu/:/usr/lib/gcc/x86_64-mageia-linux-gnu/5.5.0/:/usr/lib/gcc/x86_64-mageia-linux-gnu/]
  ignore line: [LIBRARY_PATH=/usr/lib/gcc/x86_64-mageia-linux-gnu/5.5.0/:/usr/lib/gcc/x86_64-mageia-linux-gnu/5.5.0/../../../../lib64/:/lib/../lib64/:/usr/lib/../lib64/:/usr/lib/gcc/x86_64-mageia-linux-gnu/5.5.0/../../../:/lib/:/usr/lib/]
  ignore line: [COLLECT_GCC_OPTIONS='-v' '-o' 'cmTC_88970' '-mtune=generic' '-march=x86-64']
  link line: [ /usr/lib/gcc/x86_64-mageia-linux-gnu/5.5.0/collect2 -plugin /usr/lib/gcc/x86_64-mageia-linux-gnu/5.5.0/liblto_plugin.so -plugin-opt=/usr/lib/gcc/x86_64-mageia-linux-gnu/5.5.0/lto-wrapper -plugin-opt=-fresolution=/tmp/ccv1Octp.res -plugin-opt=-pass-through=-lgcc -plugin-opt=-pass-through=-lgcc_s -plugin-opt=-pass-through=-lc -plugin-opt=-pass-through=-lgcc -plugin-opt=-pass-through=-lgcc_s --build-id --eh-frame-hdr -m elf_x86_64 --hash-style=gnu -dynamic-linker /lib64/ld-linux-x86-64.so.2 -o cmTC_88970 /usr/lib/gcc/x86_64-mageia-linux-gnu/5.5.0/../../../../lib64/crt1.o /usr/lib/gcc/x86_64-mageia-linux-gnu/5.5.0/../../../../lib64/crti.o /usr/lib/gcc/x86_64-mageia-linux-gnu/5.5.0/crtbegin.o -L/usr/lib/gcc/x86_64-mageia-linux-gnu/5.5.0 -L/usr/lib/gcc/x86_64-mageia-linux-gnu/5.5.0/../../../../lib64 -L/lib/../lib64 -L/usr/lib/../lib64 -L/usr/lib/gcc/x86_64-mageia-linux-gnu/5.5.0/../../.. CMakeFiles/cmTC_88970.dir/CMakeCCompilerABI.c.o -lgcc --as-needed -lgcc_s --no-as-needed -lc -lgcc --as-needed -lgcc_s --no-as-needed /usr/lib/gcc/x86_64-mageia-linux-gnu/5.5.0/crtend.o /usr/lib/gcc/x86_64-mageia-linux-gnu/5.5.0/../../../../lib64/crtn.o]
    arg [/usr/lib/gcc/x86_64-mageia-linux-gnu/5.5.0/collect2] ==> ignore
    arg [-plugin] ==> ignore
    arg [/usr/lib/gcc/x86_64-mageia-linux-gnu/5.5.0/liblto_plugin.so] ==> ignore
    arg [-plugin-opt=/usr/lib/gcc/x86_64-mageia-linux-gnu/5.5.0/lto-wrapper] ==> ignore
    arg [-plugin-opt=-fresolution=/tmp/ccv1Octp.res] ==> ignore
    arg [-plugin-opt=-pass-through=-lgcc] ==> ignore
    arg [-plugin-opt=-pass-through=-lgcc_s] ==> ignore
    arg [-plugin-opt=-pass-through=-lc] ==> ignore
    arg [-plugin-opt=-pass-through=-lgcc] ==> ignore
    arg [-plugin-opt=-pass-through=-lgcc_s] ==> ignore
    arg [--build-id] ==> ignore
    arg [--eh-frame-hdr] ==> ignore
    arg [-m] ==> ignore
    arg [elf_x86_64] ==> ignore
    arg [--hash-style=gnu] ==> ignore
    arg [-dynamic-linker] ==> ignore
    arg [/lib64/ld-linux-x86-64.so.2] ==> ignore
    arg [-o] ==> ignore
    arg [cmTC_88970] ==> ignore
    arg [/usr/lib/gcc/x86_64-mageia-linux-gnu/5.5.0/../../../../lib64/crt1.o] ==> ignore
    arg [/usr/lib/gcc/x86_64-mageia-linux-gnu/5.5.0/../../../../lib64/crti.o] ==> ignore
    arg [/usr/lib/gcc/x86_64-mageia-linux-gnu/5.5.0/crtbegin.o] ==> ignore
    arg [-L/usr/lib/gcc/x86_64-mageia-linux-gnu/5.5.0] ==> dir [/usr/lib/gcc/x86_64-mageia-linux-gnu/5.5.0]
    arg [-L/usr/lib/gcc/x86_64-mageia-linux-gnu/5.5.0/../../../../lib64] ==> dir [/usr/lib/gcc/x86_64-mageia-linux-gnu/5.5.0/../../../../lib64]
    arg [-L/lib/../lib64] ==> dir [/lib/../lib64]
    arg [-L/usr/lib/../lib64] ==> dir [/usr/lib/../lib64]
    arg [-L/usr/lib/gcc/x86_64-mageia-linux-gnu/5.5.0/../../..] ==> dir [/usr/lib/gcc/x86_64-mageia-linux-gnu/5.5.0/../../..]
    arg [CMakeFiles/cmTC_88970.dir/CMakeCCompilerABI.c.o] ==> ignore
    arg [-lgcc] ==> lib [gcc]
    arg [--as-needed] ==> ignore
    arg [-lgcc_s] ==> lib [gcc_s]
    arg [--no-as-needed] ==> ignore
    arg [-lc] ==> lib [c]
    arg [-lgcc] ==> lib [gcc]
    arg [--as-needed] ==> ignore
    arg [-lgcc_s] ==> lib [gcc_s]
    arg [--no-as-needed] ==> ignore
    arg [/usr/lib/gcc/x86_64-mageia-linux-gnu/5.5.0/crtend.o] ==> ignore
    arg [/usr/lib/gcc/x86_64-mageia-linux-gnu/5.5.0/../../../../lib64/crtn.o] ==> ignore
  collapse library dir [/usr/lib/gcc/x86_64-mageia-linux-gnu/5.5.0] ==> [/usr/lib/gcc/x86_64-mageia-linux-gnu/5.5.0]
  collapse library dir [/usr/lib/gcc/x86_64-mageia-linux-gnu/5.5.0/../../../../lib64] ==> [/usr/lib64]
  collapse library dir [/lib/../lib64] ==> [/lib64]
  collapse library dir [/usr/lib/../lib64] ==> [/usr/lib64]
  collapse library dir [/usr/lib/gcc/x86_64-mageia-linux-gnu/5.5.0/../../..] ==> [/usr/lib]
  implicit libs: [gcc;gcc_s;c;gcc;gcc_s]
  implicit dirs: [/usr/lib/gcc/x86_64-mageia-linux-gnu/5.5.0;/usr/lib64;/lib64;/usr/lib]
  implicit fwks: []




Detecting C [-std=c11] compiler features compiled with the following output:
Change Dir: /users/josquin/INFO/CPP/micro-aevol-master/CMakeFiles/CMakeTmp

Run Build Command:"/bin/gmake" "cmTC_dad11/fast"
/bin/gmake -f CMakeFiles/cmTC_dad11.dir/build.make CMakeFiles/cmTC_dad11.dir/build
gmake[1] : on entre dans le répertoire « /users/josquin/INFO/CPP/micro-aevol-master/CMakeFiles/CMakeTmp »
Building C object CMakeFiles/cmTC_dad11.dir/feature_tests.c.o
/bin/cc   -std=c11 -o CMakeFiles/cmTC_dad11.dir/feature_tests.c.o   -c /users/josquin/INFO/CPP/micro-aevol-master/CMakeFiles/feature_tests.c
Linking C executable cmTC_dad11
/users/josquin/.local/share/JetBrains/Toolbox/apps/CLion/ch-0/183.4588.63/bin/cmake/linux/bin/cmake -E cmake_link_script CMakeFiles/cmTC_dad11.dir/link.txt --verbose=1
/bin/cc      CMakeFiles/cmTC_dad11.dir/feature_tests.c.o  -o cmTC_dad11 
gmake[1] : on quitte le répertoire « /users/josquin/INFO/CPP/micro-aevol-master/CMakeFiles/CMakeTmp »


    Feature record: C_FEATURE:1c_function_prototypes
    Feature record: C_FEATURE:1c_restrict
    Feature record: C_FEATURE:1c_static_assert
    Feature record: C_FEATURE:1c_variadic_macros


Detecting C [-std=c99] compiler features compiled with the following output:
Change Dir: /users/josquin/INFO/CPP/micro-aevol-master/CMakeFiles/CMakeTmp

Run Build Command:"/bin/gmake" "cmTC_7df7e/fast"
/bin/gmake -f CMakeFiles/cmTC_7df7e.dir/build.make CMakeFiles/cmTC_7df7e.dir/build
gmake[1] : on entre dans le répertoire « /users/josquin/INFO/CPP/micro-aevol-master/CMakeFiles/CMakeTmp »
Building C object CMakeFiles/cmTC_7df7e.dir/feature_tests.c.o
/bin/cc   -std=c99 -o CMakeFiles/cmTC_7df7e.dir/feature_tests.c.o   -c /users/josquin/INFO/CPP/micro-aevol-master/CMakeFiles/feature_tests.c
Linking C executable cmTC_7df7e
/users/josquin/.local/share/JetBrains/Toolbox/apps/CLion/ch-0/183.4588.63/bin/cmake/linux/bin/cmake -E cmake_link_script CMakeFiles/cmTC_7df7e.dir/link.txt --verbose=1
/bin/cc      CMakeFiles/cmTC_7df7e.dir/feature_tests.c.o  -o cmTC_7df7e 
gmake[1] : on quitte le répertoire « /users/josquin/INFO/CPP/micro-aevol-master/CMakeFiles/CMakeTmp »


    Feature record: C_FEATURE:1c_function_prototypes
    Feature record: C_FEATURE:1c_restrict
    Feature record: C_FEATURE:0c_static_assert
    Feature record: C_FEATURE:1c_variadic_macros


Detecting C [-std=c90] compiler features compiled with the following output:
Change Dir: /users/josquin/INFO/CPP/micro-aevol-master/CMakeFiles/CMakeTmp

Run Build Command:"/bin/gmake" "cmTC_c2d9d/fast"
/bin/gmake -f CMakeFiles/cmTC_c2d9d.dir/build.make CMakeFiles/cmTC_c2d9d.dir/build
gmake[1] : on entre dans le répertoire « /users/josquin/INFO/CPP/micro-aevol-master/CMakeFiles/CMakeTmp »
Building C object CMakeFiles/cmTC_c2d9d.dir/feature_tests.c.o
/bin/cc   -std=c90 -o CMakeFiles/cmTC_c2d9d.dir/feature_tests.c.o   -c /users/josquin/INFO/CPP/micro-aevol-master/CMakeFiles/feature_tests.c
Linking C executable cmTC_c2d9d
/users/josquin/.local/share/JetBrains/Toolbox/apps/CLion/ch-0/183.4588.63/bin/cmake/linux/bin/cmake -E cmake_link_script CMakeFiles/cmTC_c2d9d.dir/link.txt --verbose=1
/bin/cc      CMakeFiles/cmTC_c2d9d.dir/feature_tests.c.o  -o cmTC_c2d9d 
gmake[1] : on quitte le répertoire « /users/josquin/INFO/CPP/micro-aevol-master/CMakeFiles/CMakeTmp »


    Feature record: C_FEATURE:1c_function_prototypes
    Feature record: C_FEATURE:0c_restrict
    Feature record: C_FEATURE:0c_static_assert
    Feature record: C_FEATURE:0c_variadic_macros
Determining if the CXX compiler works passed with the following output:
Change Dir: /users/josquin/INFO/CPP/micro-aevol-master/CMakeFiles/CMakeTmp

Run Build Command:"/bin/gmake" "cmTC_6832a/fast"
/bin/gmake -f CMakeFiles/cmTC_6832a.dir/build.make CMakeFiles/cmTC_6832a.dir/build
gmake[1] : on entre dans le répertoire « /users/josquin/INFO/CPP/micro-aevol-master/CMakeFiles/CMakeTmp »
Building CXX object CMakeFiles/cmTC_6832a.dir/testCXXCompiler.cxx.o
/bin/c++     -o CMakeFiles/cmTC_6832a.dir/testCXXCompiler.cxx.o -c /users/josquin/INFO/CPP/micro-aevol-master/CMakeFiles/CMakeTmp/testCXXCompiler.cxx
Linking CXX executable cmTC_6832a
/users/josquin/.local/share/JetBrains/Toolbox/apps/CLion/ch-0/183.4588.63/bin/cmake/linux/bin/cmake -E cmake_link_script CMakeFiles/cmTC_6832a.dir/link.txt --verbose=1
/bin/c++       CMakeFiles/cmTC_6832a.dir/testCXXCompiler.cxx.o  -o cmTC_6832a 
gmake[1] : on quitte le répertoire « /users/josquin/INFO/CPP/micro-aevol-master/CMakeFiles/CMakeTmp »


Detecting CXX compiler ABI info compiled with the following output:
Change Dir: /users/josquin/INFO/CPP/micro-aevol-master/CMakeFiles/CMakeTmp

Run Build Command:"/bin/gmake" "cmTC_a5e6d/fast"
/bin/gmake -f CMakeFiles/cmTC_a5e6d.dir/build.make CMakeFiles/cmTC_a5e6d.dir/build
gmake[1] : on entre dans le répertoire « /users/josquin/INFO/CPP/micro-aevol-master/CMakeFiles/CMakeTmp »
Building CXX object CMakeFiles/cmTC_a5e6d.dir/CMakeCXXCompilerABI.cpp.o
/bin/c++     -o CMakeFiles/cmTC_a5e6d.dir/CMakeCXXCompilerABI.cpp.o -c /users/josquin/.local/share/JetBrains/Toolbox/apps/CLion/ch-0/183.4588.63/bin/cmake/linux/share/cmake-3.13/Modules/CMakeCXXCompilerABI.cpp
Linking CXX executable cmTC_a5e6d
/users/josquin/.local/share/JetBrains/Toolbox/apps/CLion/ch-0/183.4588.63/bin/cmake/linux/bin/cmake -E cmake_link_script CMakeFiles/cmTC_a5e6d.dir/link.txt --verbose=1
/bin/c++      -v CMakeFiles/cmTC_a5e6d.dir/CMakeCXXCompilerABI.cpp.o  -o cmTC_a5e6d 
Utilisation des specs internes.
COLLECT_GCC=/bin/c++
COLLECT_LTO_WRAPPER=/usr/lib/gcc/x86_64-mageia-linux-gnu/5.5.0/lto-wrapper
Cible : x86_64-mageia-linux-gnu
Configuré avec: ../configure --prefix=/usr --libexecdir=/usr/lib --with-slibdir=/lib64 --with-pkgversion='Mageia 5.5.0-1.mga6' --with-bugurl=https://bugs.mageia.org/ --mandir=/usr/share/man --infodir=/usr/share/info --enable-checking=release --enable-languages=c,c++,ada,fortran,objc,obj-c++,java --enable-linker-build-id --build=x86_64-mageia-linux-gnu --host=x86_64-mageia-linux-gnu --with-cpu=generic --with-system-zlib --enable-threads=posix --enable-shared --enable-objc-gc --enable-long-long --enable-__cxa_atexit --disable-libunwind-exceptions --enable-clocale=gnu --enable-java-awt=gtk --with-java-home=/usr/lib/jvm/java-1.5.0-gcj-1.5.0.0/jre --with-ecj-jar=/usr/share/java/eclipse-ecj.jar --enable-gtk-cairo --disable-libjava-multilib --enable-ssp --disable-libssp --disable-werror --with-isl --with-python-dir=/lib/python2.7/site-packages --enable-lto
Modèle de thread: posix
gcc version 5.5.0 (Mageia 5.5.0-1.mga6) 
COMPILER_PATH=/usr/lib/gcc/x86_64-mageia-linux-gnu/5.5.0/:/usr/lib/gcc/x86_64-mageia-linux-gnu/5.5.0/:/usr/lib/gcc/x86_64-mageia-linux-gnu/:/usr/lib/gcc/x86_64-mageia-linux-gnu/5.5.0/:/usr/lib/gcc/x86_64-mageia-linux-gnu/
LIBRARY_PATH=/usr/lib/gcc/x86_64-mageia-linux-gnu/5.5.0/:/usr/lib/gcc/x86_64-mageia-linux-gnu/5.5.0/../../../../lib64/:/lib/../lib64/:/usr/lib/../lib64/:/usr/lib/gcc/x86_64-mageia-linux-gnu/5.5.0/../../../:/lib/:/usr/lib/
COLLECT_GCC_OPTIONS='-v' '-o' 'cmTC_a5e6d' '-shared-libgcc' '-mtune=generic' '-march=x86-64'
 /usr/lib/gcc/x86_64-mageia-linux-gnu/5.5.0/collect2 -plugin /usr/lib/gcc/x86_64-mageia-linux-gnu/5.5.0/liblto_plugin.so -plugin-opt=/usr/lib/gcc/x86_64-mageia-linux-gnu/5.5.0/lto-wrapper -plugin-opt=-fresolution=/tmp/ccelFIZN.res -plugin-opt=-pass-through=-lgcc_s -plugin-opt=-pass-through=-lgcc -plugin-opt=-pass-through=-lc -plugin-opt=-pass-through=-lgcc_s -plugin-opt=-pass-through=-lgcc --build-id --eh-frame-hdr -m elf_x86_64 --hash-style=gnu -dynamic-linker /lib64/ld-linux-x86-64.so.2 -o cmTC_a5e6d /usr/lib/gcc/x86_64-mageia-linux-gnu/5.5.0/../../../../lib64/crt1.o /usr/lib/gcc/x86_64-mageia-linux-gnu/5.5.0/../../../../lib64/crti.o /usr/lib/gcc/x86_64-mageia-linux-gnu/5.5.0/crtbegin.o -L/usr/lib/gcc/x86_64-mageia-linux-gnu/5.5.0 -L/usr/lib/gcc/x86_64-mageia-linux-gnu/5.5.0/../../../../lib64 -L/lib/../lib64 -L/usr/lib/../lib64 -L/usr/lib/gcc/x86_64-mageia-linux-gnu/5.5.0/../../.. CMakeFiles/cmTC_a5e6d.dir/CMakeCXXCompilerABI.cpp.o -lstdc++ -lm -lgcc_s -lgcc -lc -lgcc_s -lgcc /usr/lib/gcc/x86_64-mageia-linux-gnu/5.5.0/crtend.o /usr/lib/gcc/x86_64-mageia-linux-gnu/5.5.0/../../../../lib64/crtn.o
gmake[1] : on quitte le répertoire « /users/josquin/INFO/CPP/micro-aevol-master/CMakeFiles/CMakeTmp »


Parsed CXX implicit link information from above output:
  link line regex: [^( *|.*[/\])(ld|CMAKE_LINK_STARTFILE-NOTFOUND|([^/\]+-)?ld|collect2)[^/\]*( |$)]
  ignore line: [Change Dir: /users/josquin/INFO/CPP/micro-aevol-master/CMakeFiles/CMakeTmp]
  ignore line: []
  ignore line: [Run Build Command:"/bin/gmake" "cmTC_a5e6d/fast"]
  ignore line: [/bin/gmake -f CMakeFiles/cmTC_a5e6d.dir/build.make CMakeFiles/cmTC_a5e6d.dir/build]
  ignore line: [gmake[1] : on entre dans le répertoire « /users/josquin/INFO/CPP/micro-aevol-master/CMakeFiles/CMakeTmp »]
  ignore line: [Building CXX object CMakeFiles/cmTC_a5e6d.dir/CMakeCXXCompilerABI.cpp.o]
  ignore line: [/bin/c++     -o CMakeFiles/cmTC_a5e6d.dir/CMakeCXXCompilerABI.cpp.o -c /users/josquin/.local/share/JetBrains/Toolbox/apps/CLion/ch-0/183.4588.63/bin/cmake/linux/share/cmake-3.13/Modules/CMakeCXXCompilerABI.cpp]
  ignore line: [Linking CXX executable cmTC_a5e6d]
  ignore line: [/users/josquin/.local/share/JetBrains/Toolbox/apps/CLion/ch-0/183.4588.63/bin/cmake/linux/bin/cmake -E cmake_link_script CMakeFiles/cmTC_a5e6d.dir/link.txt --verbose=1]
  ignore line: [/bin/c++      -v CMakeFiles/cmTC_a5e6d.dir/CMakeCXXCompilerABI.cpp.o  -o cmTC_a5e6d ]
  ignore line: [Utilisation des specs internes.]
  ignore line: [COLLECT_GCC=/bin/c++]
  ignore line: [COLLECT_LTO_WRAPPER=/usr/lib/gcc/x86_64-mageia-linux-gnu/5.5.0/lto-wrapper]
  ignore line: [Cible : x86_64-mageia-linux-gnu]
  ignore line: [Configuré avec: ../configure --prefix=/usr --libexecdir=/usr/lib --with-slibdir=/lib64 --with-pkgversion='Mageia 5.5.0-1.mga6' --with-bugurl=https://bugs.mageia.org/ --mandir=/usr/share/man --infodir=/usr/share/info --enable-checking=release --enable-languages=c,c++,ada,fortran,objc,obj-c++,java --enable-linker-build-id --build=x86_64-mageia-linux-gnu --host=x86_64-mageia-linux-gnu --with-cpu=generic --with-system-zlib --enable-threads=posix --enable-shared --enable-objc-gc --enable-long-long --enable-__cxa_atexit --disable-libunwind-exceptions --enable-clocale=gnu --enable-java-awt=gtk --with-java-home=/usr/lib/jvm/java-1.5.0-gcj-1.5.0.0/jre --with-ecj-jar=/usr/share/java/eclipse-ecj.jar --enable-gtk-cairo --disable-libjava-multilib --enable-ssp --disable-libssp --disable-werror --with-isl --with-python-dir=/lib/python2.7/site-packages --enable-lto]
  ignore line: [Modèle de thread: posix]
  ignore line: [gcc version 5.5.0 (Mageia 5.5.0-1.mga6) ]
  ignore line: [COMPILER_PATH=/usr/lib/gcc/x86_64-mageia-linux-gnu/5.5.0/:/usr/lib/gcc/x86_64-mageia-linux-gnu/5.5.0/:/usr/lib/gcc/x86_64-mageia-linux-gnu/:/usr/lib/gcc/x86_64-mageia-linux-gnu/5.5.0/:/usr/lib/gcc/x86_64-mageia-linux-gnu/]
  ignore line: [LIBRARY_PATH=/usr/lib/gcc/x86_64-mageia-linux-gnu/5.5.0/:/usr/lib/gcc/x86_64-mageia-linux-gnu/5.5.0/../../../../lib64/:/lib/../lib64/:/usr/lib/../lib64/:/usr/lib/gcc/x86_64-mageia-linux-gnu/5.5.0/../../../:/lib/:/usr/lib/]
  ignore line: [COLLECT_GCC_OPTIONS='-v' '-o' 'cmTC_a5e6d' '-shared-libgcc' '-mtune=generic' '-march=x86-64']
  link line: [ /usr/lib/gcc/x86_64-mageia-linux-gnu/5.5.0/collect2 -plugin /usr/lib/gcc/x86_64-mageia-linux-gnu/5.5.0/liblto_plugin.so -plugin-opt=/usr/lib/gcc/x86_64-mageia-linux-gnu/5.5.0/lto-wrapper -plugin-opt=-fresolution=/tmp/ccelFIZN.res -plugin-opt=-pass-through=-lgcc_s -plugin-opt=-pass-through=-lgcc -plugin-opt=-pass-through=-lc -plugin-opt=-pass-through=-lgcc_s -plugin-opt=-pass-through=-lgcc --build-id --eh-frame-hdr -m elf_x86_64 --hash-style=gnu -dynamic-linker /lib64/ld-linux-x86-64.so.2 -o cmTC_a5e6d /usr/lib/gcc/x86_64-mageia-linux-gnu/5.5.0/../../../../lib64/crt1.o /usr/lib/gcc/x86_64-mageia-linux-gnu/5.5.0/../../../../lib64/crti.o /usr/lib/gcc/x86_64-mageia-linux-gnu/5.5.0/crtbegin.o -L/usr/lib/gcc/x86_64-mageia-linux-gnu/5.5.0 -L/usr/lib/gcc/x86_64-mageia-linux-gnu/5.5.0/../../../../lib64 -L/lib/../lib64 -L/usr/lib/../lib64 -L/usr/lib/gcc/x86_64-mageia-linux-gnu/5.5.0/../../.. CMakeFiles/cmTC_a5e6d.dir/CMakeCXXCompilerABI.cpp.o -lstdc++ -lm -lgcc_s -lgcc -lc -lgcc_s -lgcc /usr/lib/gcc/x86_64-mageia-linux-gnu/5.5.0/crtend.o /usr/lib/gcc/x86_64-mageia-linux-gnu/5.5.0/../../../../lib64/crtn.o]
    arg [/usr/lib/gcc/x86_64-mageia-linux-gnu/5.5.0/collect2] ==> ignore
    arg [-plugin] ==> ignore
    arg [/usr/lib/gcc/x86_64-mageia-linux-gnu/5.5.0/liblto_plugin.so] ==> ignore
    arg [-plugin-opt=/usr/lib/gcc/x86_64-mageia-linux-gnu/5.5.0/lto-wrapper] ==> ignore
    arg [-plugin-opt=-fresolution=/tmp/ccelFIZN.res] ==> ignore
    arg [-plugin-opt=-pass-through=-lgcc_s] ==> ignore
    arg [-plugin-opt=-pass-through=-lgcc] ==> ignore
    arg [-plugin-opt=-pass-through=-lc] ==> ignore
    arg [-plugin-opt=-pass-through=-lgcc_s] ==> ignore
    arg [-plugin-opt=-pass-through=-lgcc] ==> ignore
    arg [--build-id] ==> ignore
    arg [--eh-frame-hdr] ==> ignore
    arg [-m] ==> ignore
    arg [elf_x86_64] ==> ignore
    arg [--hash-style=gnu] ==> ignore
    arg [-dynamic-linker] ==> ignore
    arg [/lib64/ld-linux-x86-64.so.2] ==> ignore
    arg [-o] ==> ignore
    arg [cmTC_a5e6d] ==> ignore
    arg [/usr/lib/gcc/x86_64-mageia-linux-gnu/5.5.0/../../../../lib64/crt1.o] ==> ignore
    arg [/usr/lib/gcc/x86_64-mageia-linux-gnu/5.5.0/../../../../lib64/crti.o] ==> ignore
    arg [/usr/lib/gcc/x86_64-mageia-linux-gnu/5.5.0/crtbegin.o] ==> ignore
    arg [-L/usr/lib/gcc/x86_64-mageia-linux-gnu/5.5.0] ==> dir [/usr/lib/gcc/x86_64-mageia-linux-gnu/5.5.0]
    arg [-L/usr/lib/gcc/x86_64-mageia-linux-gnu/5.5.0/../../../../lib64] ==> dir [/usr/lib/gcc/x86_64-mageia-linux-gnu/5.5.0/../../../../lib64]
    arg [-L/lib/../lib64] ==> dir [/lib/../lib64]
    arg [-L/usr/lib/../lib64] ==> dir [/usr/lib/../lib64]
    arg [-L/usr/lib/gcc/x86_64-mageia-linux-gnu/5.5.0/../../..] ==> dir [/usr/lib/gcc/x86_64-mageia-linux-gnu/5.5.0/../../..]
    arg [CMakeFiles/cmTC_a5e6d.dir/CMakeCXXCompilerABI.cpp.o] ==> ignore
    arg [-lstdc++] ==> lib [stdc++]
    arg [-lm] ==> lib [m]
    arg [-lgcc_s] ==> lib [gcc_s]
    arg [-lgcc] ==> lib [gcc]
    arg [-lc] ==> lib [c]
    arg [-lgcc_s] ==> lib [gcc_s]
    arg [-lgcc] ==> lib [gcc]
    arg [/usr/lib/gcc/x86_64-mageia-linux-gnu/5.5.0/crtend.o] ==> ignore
    arg [/usr/lib/gcc/x86_64-mageia-linux-gnu/5.5.0/../../../../lib64/crtn.o] ==> ignore
  collapse library dir [/usr/lib/gcc/x86_64-mageia-linux-gnu/5.5.0] ==> [/usr/lib/gcc/x86_64-mageia-linux-gnu/5.5.0]
  collapse library dir [/usr/lib/gcc/x86_64-mageia-linux-gnu/5.5.0/../../../../lib64] ==> [/usr/lib64]
  collapse library dir [/lib/../lib64] ==> [/lib64]
  collapse library dir [/usr/lib/../lib64] ==> [/usr/lib64]
  collapse library dir [/usr/lib/gcc/x86_64-mageia-linux-gnu/5.5.0/../../..] ==> [/usr/lib]
  implicit libs: [stdc++;m;gcc_s;gcc;c;gcc_s;gcc]
  implicit dirs: [/usr/lib/gcc/x86_64-mageia-linux-gnu/5.5.0;/usr/lib64;/lib64;/usr/lib]
  implicit fwks: []




Detecting CXX [-std=c++1z] compiler features compiled with the following output:
Change Dir: /users/josquin/INFO/CPP/micro-aevol-master/CMakeFiles/CMakeTmp

Run Build Command:"/bin/gmake" "cmTC_66db4/fast"
/bin/gmake -f CMakeFiles/cmTC_66db4.dir/build.make CMakeFiles/cmTC_66db4.dir/build
gmake[1] : on entre dans le répertoire « /users/josquin/INFO/CPP/micro-aevol-master/CMakeFiles/CMakeTmp »
Building CXX object CMakeFiles/cmTC_66db4.dir/feature_tests.cxx.o
/bin/c++    -std=c++1z -o CMakeFiles/cmTC_66db4.dir/feature_tests.cxx.o -c /users/josquin/INFO/CPP/micro-aevol-master/CMakeFiles/feature_tests.cxx
Linking CXX executable cmTC_66db4
/users/josquin/.local/share/JetBrains/Toolbox/apps/CLion/ch-0/183.4588.63/bin/cmake/linux/bin/cmake -E cmake_link_script CMakeFiles/cmTC_66db4.dir/link.txt --verbose=1
/bin/c++       CMakeFiles/cmTC_66db4.dir/feature_tests.cxx.o  -o cmTC_66db4 
gmake[1] : on quitte le répertoire « /users/josquin/INFO/CPP/micro-aevol-master/CMakeFiles/CMakeTmp »


    Feature record: CXX_FEATURE:1cxx_aggregate_default_initializers
    Feature record: CXX_FEATURE:1cxx_alias_templates
    Feature record: CXX_FEATURE:1cxx_alignas
    Feature record: CXX_FEATURE:1cxx_alignof
    Feature record: CXX_FEATURE:1cxx_attributes
    Feature record: CXX_FEATURE:1cxx_attribute_deprecated
    Feature record: CXX_FEATURE:1cxx_auto_type
    Feature record: CXX_FEATURE:1cxx_binary_literals
    Feature record: CXX_FEATURE:1cxx_constexpr
    Feature record: CXX_FEATURE:1cxx_contextual_conversions
    Feature record: CXX_FEATURE:1cxx_decltype
    Feature record: CXX_FEATURE:1cxx_decltype_auto
    Feature record: CXX_FEATURE:1cxx_decltype_incomplete_return_types
    Feature record: CXX_FEATURE:1cxx_default_function_template_args
    Feature record: CXX_FEATURE:1cxx_defaulted_functions
    Feature record: CXX_FEATURE:1cxx_defaulted_move_initializers
    Feature record: CXX_FEATURE:1cxx_delegating_constructors
    Feature record: CXX_FEATURE:1cxx_deleted_functions
    Feature record: CXX_FEATURE:1cxx_digit_separators
    Feature record: CXX_FEATURE:1cxx_enum_forward_declarations
    Feature record: CXX_FEATURE:1cxx_explicit_conversions
    Feature record: CXX_FEATURE:1cxx_extended_friend_declarations
    Feature record: CXX_FEATURE:1cxx_extern_templates
    Feature record: CXX_FEATURE:1cxx_final
    Feature record: CXX_FEATURE:1cxx_func_identifier
    Feature record: CXX_FEATURE:1cxx_generalized_initializers
    Feature record: CXX_FEATURE:1cxx_generic_lambdas
    Feature record: CXX_FEATURE:1cxx_inheriting_constructors
    Feature record: CXX_FEATURE:1cxx_inline_namespaces
    Feature record: CXX_FEATURE:1cxx_lambdas
    Feature record: CXX_FEATURE:1cxx_lambda_init_captures
    Feature record: CXX_FEATURE:1cxx_local_type_template_args
    Feature record: CXX_FEATURE:1cxx_long_long_type
    Feature record: CXX_FEATURE:1cxx_noexcept
    Feature record: CXX_FEATURE:1cxx_nonstatic_member_init
    Feature record: CXX_FEATURE:1cxx_nullptr
    Feature record: CXX_FEATURE:1cxx_override
    Feature record: CXX_FEATURE:1cxx_range_for
    Feature record: CXX_FEATURE:1cxx_raw_string_literals
    Feature record: CXX_FEATURE:1cxx_reference_qualified_functions
    Feature record: CXX_FEATURE:1cxx_relaxed_constexpr
    Feature record: CXX_FEATURE:1cxx_return_type_deduction
    Feature record: CXX_FEATURE:1cxx_right_angle_brackets
    Feature record: CXX_FEATURE:1cxx_rvalue_references
    Feature record: CXX_FEATURE:1cxx_sizeof_member
    Feature record: CXX_FEATURE:1cxx_static_assert
    Feature record: CXX_FEATURE:1cxx_strong_enums
    Feature record: CXX_FEATURE:1cxx_template_template_parameters
    Feature record: CXX_FEATURE:1cxx_thread_local
    Feature record: CXX_FEATURE:1cxx_trailing_return_types
    Feature record: CXX_FEATURE:1cxx_unicode_literals
    Feature record: CXX_FEATURE:1cxx_uniform_initialization
    Feature record: CXX_FEATURE:1cxx_unrestricted_unions
    Feature record: CXX_FEATURE:1cxx_user_literals
    Feature record: CXX_FEATURE:1cxx_variable_templates
    Feature record: CXX_FEATURE:1cxx_variadic_macros
    Feature record: CXX_FEATURE:1cxx_variadic_templates


Detecting CXX [-std=c++14] compiler features compiled with the following output:
Change Dir: /users/josquin/INFO/CPP/micro-aevol-master/CMakeFiles/CMakeTmp

Run Build Command:"/bin/gmake" "cmTC_e7ae2/fast"
/bin/gmake -f CMakeFiles/cmTC_e7ae2.dir/build.make CMakeFiles/cmTC_e7ae2.dir/build
gmake[1] : on entre dans le répertoire « /users/josquin/INFO/CPP/micro-aevol-master/CMakeFiles/CMakeTmp »
Building CXX object CMakeFiles/cmTC_e7ae2.dir/feature_tests.cxx.o
/bin/c++    -std=c++14 -o CMakeFiles/cmTC_e7ae2.dir/feature_tests.cxx.o -c /users/josquin/INFO/CPP/micro-aevol-master/CMakeFiles/feature_tests.cxx
Linking CXX executable cmTC_e7ae2
/users/josquin/.local/share/JetBrains/Toolbox/apps/CLion/ch-0/183.4588.63/bin/cmake/linux/bin/cmake -E cmake_link_script CMakeFiles/cmTC_e7ae2.dir/link.txt --verbose=1
/bin/c++       CMakeFiles/cmTC_e7ae2.dir/feature_tests.cxx.o  -o cmTC_e7ae2 
gmake[1] : on quitte le répertoire « /users/josquin/INFO/CPP/micro-aevol-master/CMakeFiles/CMakeTmp »


    Feature record: CXX_FEATURE:1cxx_aggregate_default_initializers
    Feature record: CXX_FEATURE:1cxx_alias_templates
    Feature record: CXX_FEATURE:1cxx_alignas
    Feature record: CXX_FEATURE:1cxx_alignof
    Feature record: CXX_FEATURE:1cxx_attributes
    Feature record: CXX_FEATURE:1cxx_attribute_deprecated
    Feature record: CXX_FEATURE:1cxx_auto_type
    Feature record: CXX_FEATURE:1cxx_binary_literals
    Feature record: CXX_FEATURE:1cxx_constexpr
    Feature record: CXX_FEATURE:1cxx_contextual_conversions
    Feature record: CXX_FEATURE:1cxx_decltype
    Feature record: CXX_FEATURE:1cxx_decltype_auto
    Feature record: CXX_FEATURE:1cxx_decltype_incomplete_return_types
    Feature record: CXX_FEATURE:1cxx_default_function_template_args
    Feature record: CXX_FEATURE:1cxx_defaulted_functions
    Feature record: CXX_FEATURE:1cxx_defaulted_move_initializers
    Feature record: CXX_FEATURE:1cxx_delegating_constructors
    Feature record: CXX_FEATURE:1cxx_deleted_functions
    Feature record: CXX_FEATURE:1cxx_digit_separators
    Feature record: CXX_FEATURE:1cxx_enum_forward_declarations
    Feature record: CXX_FEATURE:1cxx_explicit_conversions
    Feature record: CXX_FEATURE:1cxx_extended_friend_declarations
    Feature record: CXX_FEATURE:1cxx_extern_templates
    Feature record: CXX_FEATURE:1cxx_final
    Feature record: CXX_FEATURE:1cxx_func_identifier
    Feature record: CXX_FEATURE:1cxx_generalized_initializers
    Feature record: CXX_FEATURE:1cxx_generic_lambdas
    Feature record: CXX_FEATURE:1cxx_inheriting_constructors
    Feature record: CXX_FEATURE:1cxx_inline_namespaces
    Feature record: CXX_FEATURE:1cxx_lambdas
    Feature record: CXX_FEATURE:1cxx_lambda_init_captures
    Feature record: CXX_FEATURE:1cxx_local_type_template_args
    Feature record: CXX_FEATURE:1cxx_long_long_type
    Feature record: CXX_FEATURE:1cxx_noexcept
    Feature record: CXX_FEATURE:1cxx_nonstatic_member_init
    Feature record: CXX_FEATURE:1cxx_nullptr
    Feature record: CXX_FEATURE:1cxx_override
    Feature record: CXX_FEATURE:1cxx_range_for
    Feature record: CXX_FEATURE:1cxx_raw_string_literals
    Feature record: CXX_FEATURE:1cxx_reference_qualified_functions
    Feature record: CXX_FEATURE:1cxx_relaxed_constexpr
    Feature record: CXX_FEATURE:1cxx_return_type_deduction
    Feature record: CXX_FEATURE:1cxx_right_angle_brackets
    Feature record: CXX_FEATURE:1cxx_rvalue_references
    Feature record: CXX_FEATURE:1cxx_sizeof_member
    Feature record: CXX_FEATURE:1cxx_static_assert
    Feature record: CXX_FEATURE:1cxx_strong_enums
    Feature record: CXX_FEATURE:1cxx_template_template_parameters
    Feature record: CXX_FEATURE:1cxx_thread_local
    Feature record: CXX_FEATURE:1cxx_trailing_return_types
    Feature record: CXX_FEATURE:1cxx_unicode_literals
    Feature record: CXX_FEATURE:1cxx_uniform_initialization
    Feature record: CXX_FEATURE:1cxx_unrestricted_unions
    Feature record: CXX_FEATURE:1cxx_user_literals
    Feature record: CXX_FEATURE:1cxx_variable_templates
    Feature record: CXX_FEATURE:1cxx_variadic_macros
    Feature record: CXX_FEATURE:1cxx_variadic_templates


Detecting CXX [-std=c++11] compiler features compiled with the following output:
Change Dir: /users/josquin/INFO/CPP/micro-aevol-master/CMakeFiles/CMakeTmp

Run Build Command:"/bin/gmake" "cmTC_52ced/fast"
/bin/gmake -f CMakeFiles/cmTC_52ced.dir/build.make CMakeFiles/cmTC_52ced.dir/build
gmake[1] : on entre dans le répertoire « /users/josquin/INFO/CPP/micro-aevol-master/CMakeFiles/CMakeTmp »
Building CXX object CMakeFiles/cmTC_52ced.dir/feature_tests.cxx.o
/bin/c++    -std=c++11 -o CMakeFiles/cmTC_52ced.dir/feature_tests.cxx.o -c /users/josquin/INFO/CPP/micro-aevol-master/CMakeFiles/feature_tests.cxx
Linking CXX executable cmTC_52ced
/users/josquin/.local/share/JetBrains/Toolbox/apps/CLion/ch-0/183.4588.63/bin/cmake/linux/bin/cmake -E cmake_link_script CMakeFiles/cmTC_52ced.dir/link.txt --verbose=1
/bin/c++       CMakeFiles/cmTC_52ced.dir/feature_tests.cxx.o  -o cmTC_52ced 
gmake[1] : on quitte le répertoire « /users/josquin/INFO/CPP/micro-aevol-master/CMakeFiles/CMakeTmp »


    Feature record: CXX_FEATURE:0cxx_aggregate_default_initializers
    Feature record: CXX_FEATURE:1cxx_alias_templates
    Feature record: CXX_FEATURE:1cxx_alignas
    Feature record: CXX_FEATURE:1cxx_alignof
    Feature record: CXX_FEATURE:1cxx_attributes
    Feature record: CXX_FEATURE:0cxx_attribute_deprecated
    Feature record: CXX_FEATURE:1cxx_auto_type
    Feature record: CXX_FEATURE:0cxx_binary_literals
    Feature record: CXX_FEATURE:1cxx_constexpr
    Feature record: CXX_FEATURE:0cxx_contextual_conversions
    Feature record: CXX_FEATURE:1cxx_decltype
    Feature record: CXX_FEATURE:0cxx_decltype_auto
    Feature record: CXX_FEATURE:1cxx_decltype_incomplete_return_types
    Feature record: CXX_FEATURE:1cxx_default_function_template_args
    Feature record: CXX_FEATURE:1cxx_defaulted_functions
    Feature record: CXX_FEATURE:1cxx_defaulted_move_initializers
    Feature record: CXX_FEATURE:1cxx_delegating_constructors
    Feature record: CXX_FEATURE:1cxx_deleted_functions
    Feature record: CXX_FEATURE:0cxx_digit_separators
    Feature record: CXX_FEATURE:1cxx_enum_forward_declarations
    Feature record: CXX_FEATURE:1cxx_explicit_conversions
    Feature record: CXX_FEATURE:1cxx_extended_friend_declarations
    Feature record: CXX_FEATURE:1cxx_extern_templates
    Feature record: CXX_FEATURE:1cxx_final
    Feature record: CXX_FEATURE:1cxx_func_identifier
    Feature record: CXX_FEATURE:1cxx_generalized_initializers
    Feature record: CXX_FEATURE:0cxx_generic_lambdas
    Feature record: CXX_FEATURE:1cxx_inheriting_constructors
    Feature record: CXX_FEATURE:1cxx_inline_namespaces
    Feature record: CXX_FEATURE:1cxx_lambdas
    Feature record: CXX_FEATURE:0cxx_lambda_init_captures
    Feature record: CXX_FEATURE:1cxx_local_type_template_args
    Feature record: CXX_FEATURE:1cxx_long_long_type
    Feature record: CXX_FEATURE:1cxx_noexcept
    Feature record: CXX_FEATURE:1cxx_nonstatic_member_init
    Feature record: CXX_FEATURE:1cxx_nullptr
    Feature record: CXX_FEATURE:1cxx_override
    Feature record: CXX_FEATURE:1cxx_range_for
    Feature record: CXX_FEATURE:1cxx_raw_string_literals
    Feature record: CXX_FEATURE:1cxx_reference_qualified_functions
    Feature record: CXX_FEATURE:0cxx_relaxed_constexpr
    Feature record: CXX_FEATURE:0cxx_return_type_deduction
    Feature record: CXX_FEATURE:1cxx_right_angle_brackets
    Feature record: CXX_FEATURE:1cxx_rvalue_references
    Feature record: CXX_FEATURE:1cxx_sizeof_member
    Feature record: CXX_FEATURE:1cxx_static_assert
    Feature record: CXX_FEATURE:1cxx_strong_enums
    Feature record: CXX_FEATURE:1cxx_template_template_parameters
    Feature record: CXX_FEATURE:1cxx_thread_local
    Feature record: CXX_FEATURE:1cxx_trailing_return_types
    Feature record: CXX_FEATURE:1cxx_unicode_literals
    Feature record: CXX_FEATURE:1cxx_uniform_initialization
    Feature record: CXX_FEATURE:1cxx_unrestricted_unions
    Feature record: CXX_FEATURE:1cxx_user_literals
    Feature record: CXX_FEATURE:0cxx_variable_templates
    Feature record: CXX_FEATURE:1cxx_variadic_macros
    Feature record: CXX_FEATURE:1cxx_variadic_templates


Detecting CXX [-std=c++98] compiler features compiled with the following output:
Change Dir: /users/josquin/INFO/CPP/micro-aevol-master/CMakeFiles/CMakeTmp

Run Build Command:"/bin/gmake" "cmTC_9aeb3/fast"
/bin/gmake -f CMakeFiles/cmTC_9aeb3.dir/build.make CMakeFiles/cmTC_9aeb3.dir/build
gmake[1] : on entre dans le répertoire « /users/josquin/INFO/CPP/micro-aevol-master/CMakeFiles/CMakeTmp »
Building CXX object CMakeFiles/cmTC_9aeb3.dir/feature_tests.cxx.o
/bin/c++    -std=c++98 -o CMakeFiles/cmTC_9aeb3.dir/feature_tests.cxx.o -c /users/josquin/INFO/CPP/micro-aevol-master/CMakeFiles/feature_tests.cxx
Linking CXX executable cmTC_9aeb3
/users/josquin/.local/share/JetBrains/Toolbox/apps/CLion/ch-0/183.4588.63/bin/cmake/linux/bin/cmake -E cmake_link_script CMakeFiles/cmTC_9aeb3.dir/link.txt --verbose=1
/bin/c++       CMakeFiles/cmTC_9aeb3.dir/feature_tests.cxx.o  -o cmTC_9aeb3 
gmake[1] : on quitte le répertoire « /users/josquin/INFO/CPP/micro-aevol-master/CMakeFiles/CMakeTmp »


    Feature record: CXX_FEATURE:0cxx_aggregate_default_initializers
    Feature record: CXX_FEATURE:0cxx_alias_templates
    Feature record: CXX_FEATURE:0cxx_alignas
    Feature record: CXX_FEATURE:0cxx_alignof
    Feature record: CXX_FEATURE:0cxx_attributes
    Feature record: CXX_FEATURE:0cxx_attribute_deprecated
    Feature record: CXX_FEATURE:0cxx_auto_type
    Feature record: CXX_FEATURE:0cxx_binary_literals
    Feature record: CXX_FEATURE:0cxx_constexpr
    Feature record: CXX_FEATURE:0cxx_contextual_conversions
    Feature record: CXX_FEATURE:0cxx_decltype
    Feature record: CXX_FEATURE:0cxx_decltype_auto
    Feature record: CXX_FEATURE:0cxx_decltype_incomplete_return_types
    Feature record: CXX_FEATURE:0cxx_default_function_template_args
    Feature record: CXX_FEATURE:0cxx_defaulted_functions
    Feature record: CXX_FEATURE:0cxx_defaulted_move_initializers
    Feature record: CXX_FEATURE:0cxx_delegating_constructors
    Feature record: CXX_FEATURE:0cxx_deleted_functions
    Feature record: CXX_FEATURE:0cxx_digit_separators
    Feature record: CXX_FEATURE:0cxx_enum_forward_declarations
    Feature record: CXX_FEATURE:0cxx_explicit_conversions
    Feature record: CXX_FEATURE:0cxx_extended_friend_declarations
    Feature record: CXX_FEATURE:0cxx_extern_templates
    Feature record: CXX_FEATURE:0cxx_final
    Feature record: CXX_FEATURE:0cxx_func_identifier
    Feature record: CXX_FEATURE:0cxx_generalized_initializers
    Feature record: CXX_FEATURE:0cxx_generic_lambdas
    Feature record: CXX_FEATURE:0cxx_inheriting_constructors
    Feature record: CXX_FEATURE:0cxx_inline_namespaces
    Feature record: CXX_FEATURE:0cxx_lambdas
    Feature record: CXX_FEATURE:0cxx_lambda_init_captures
    Feature record: CXX_FEATURE:0cxx_local_type_template_args
    Feature record: CXX_FEATURE:0cxx_long_long_type
    Feature record: CXX_FEATURE:0cxx_noexcept
    Feature record: CXX_FEATURE:0cxx_nonstatic_member_init
    Feature record: CXX_FEATURE:0cxx_nullptr
    Feature record: CXX_FEATURE:0cxx_override
    Feature record: CXX_FEATURE:0cxx_range_for
    Feature record: CXX_FEATURE:0cxx_raw_string_literals
    Feature record: CXX_FEATURE:0cxx_reference_qualified_functions
    Feature record: CXX_FEATURE:0cxx_relaxed_constexpr
    Feature record: CXX_FEATURE:0cxx_return_type_deduction
    Feature record: CXX_FEATURE:0cxx_right_angle_brackets
    Feature record: CXX_FEATURE:0cxx_rvalue_references
    Feature record: CXX_FEATURE:0cxx_sizeof_member
    Feature record: CXX_FEATURE:0cxx_static_assert
    Feature record: CXX_FEATURE:0cxx_strong_enums
    Feature record: CXX_FEATURE:1cxx_template_template_parameters
    Feature record: CXX_FEATURE:0cxx_thread_local
    Feature record: CXX_FEATURE:0cxx_trailing_return_types
    Feature record: CXX_FEATURE:0cxx_unicode_literals
    Feature record: CXX_FEATURE:0cxx_uniform_initialization
    Feature record: CXX_FEATURE:0cxx_unrestricted_unions
    Feature record: CXX_FEATURE:0cxx_user_literals
    Feature record: CXX_FEATURE:0cxx_variable_templates
    Feature record: CXX_FEATURE:0cxx_variadic_macros
    Feature record: CXX_FEATURE:0cxx_variadic_templates
